[     499ms] [ERROR] Failed to load resource: net::ERR_CONNECTION_REFUSED @ https://www.googletagmanager.com/gtag/js?id=G-73GKME3QL3:0
[     499ms] [ERROR] Failed to load resource: net::ERR_CONNECTION_REFUSED @ https://static.cloudflareinsights.com/beacon.min.js/v833ccba57c9e4d2798f2e76cebdd09a11778172276447:0
[     706ms] [LOG] Main.js loaded successfully @ https://markaicode.com/js/main.js:3
[     737ms] [LOG] Supabase client initialized @ https://markaicode.com/js/supabase-config.js:32
[     738ms] [WARNING] ML weights do not sum to 1.0: 0.71 @ https://markaicode.com/js/related-reading-config.js:183
[     750ms] [ERROR] Failed to load resource: net::ERR_CONNECTION_REFUSED @ https://securepubads.g.doubleclick.net/tag/js/gpt.js:0
[     753ms] [LOG] Auth state changed: INITIAL_SESSION null @ https://markaicode.com/js/supabase-config.js:55
[    1014ms] [LOG] Search index loaded successfully: 6044 items @ https://markaicode.com/js/main.js:16
[    6423ms] [ERROR] Failed to load resource: net::ERR_CONNECTION_REFUSED @ https://api.receptivity.io/v1/prebid/1Pw320cuJVXnYuFXFZ0eoE11G/connector/rxConnector.js:0
[    6437ms] [WARNING] Timer 'Hints time' already exists @ https://scripts.journeymv.com/tags/iiqMatch/b966bc0af1418e4e991e.min.js:0
[    6437ms] [TIMEEND] Hints time: 2.277099609375 ms @ https://scripts.journeymv.com/tags/iiqMatch/b966bc0af1418e4e991e.min.js:0
[    6438ms] [WARNING] Timer 'Hints time' does not exist @ https://scripts.journeymv.com/tags/iiqMatch/b966bc0af1418e4e991e.min.js:0
[    6449ms] [ERROR] Failed to load resource: net::ERR_CONNECTION_REFUSED @ https://match.adsrvr.org/track/rid?ttd_pid=sne7dew&fmt=json:0
[    6449ms] [ERROR] Failed to load resource: net::ERR_CONNECTION_REFUSED @ https://api.rlcdn.com/api/identity/envelope?pid=44:0
[    6449ms] [ERROR] Failed to load resource: net::ERR_CONNECTION_REFUSED @ https://cdn.id5-sync.com/api/1.0/id5PrebidModule.js:0
[    6453ms] [ERROR] Failed to load resource: net::ERR_CONNECTION_REFUSED @ https://id5-sync.com/api/config/prebid:0
[    6454ms] Uncaught (in promise) TypeError: Failed to fetch
    at o (https://scripts.journeymv.com/tags/3688/22cf30bd98d3a32ba2ec.min.js:1:99520)
    at j (https://scripts.journeymv.com/tags/4658/21b51cf5d9493b70e964.min.js:0:306402)
    at execute (https://scripts.journeymv.com/tags/4658/21b51cf5d9493b70e964.min.js:0:305371)
    at callback (https://scripts.journeymv.com/tags/4658/21b51cf5d9493b70e964.min.js:0:304330)
    at <anonymous> (https://scripts.journeymv.com/tags/4658/21b51cf5d9493b70e964.min.js:0:232974)
    at te (https://scripts.journeymv.com/tags/4658/21b51cf5d9493b70e964.min.js:0:232881)
    at <anonymous> (https://scripts.journeymv.com/tags/4658/21b51cf5d9493b70e964.min.js:0:246386)
    at <anonymous> (https://scripts.journeymv.com/tags/4658/21b51cf5d9493b70e964.min.js:0:246373)
    at <anonymous> (https://scripts.journeymv.com/tags/4658/21b51cf5d9493b70e964.min.js:0:246049)
[    6454ms] [ERROR] Failed to load resource: net::ERR_CONNECTION_REFUSED @ https://gum.criteo.com/sid/json?origin=prebid&topUrl=https%3A%2F%2Fmarkaicode.com%2F&domain=markaicode.com&lsw=1&gpp=DBAA&gpp_sid=-1:0
[    6465ms] [ERROR] Failed to load resource: net::ERR_CONNECTION_REFUSED @ https://sync.intentiq.com/profiles_engine/ProfilesEngineServlet?at=20&mi=10&secure=1&dpi=396660830&iiqidtype=2&iiqpcid=872244bc-3815-4dfd-8655-811e633da6ff&iiqpciddate=1780095771225&tsrnd=2_1780095771229&jsver=5.086&uh=%7B%220%22%3A%22%5C%22Not%2FA)Brand%5C%22%3Bv%3D%5C%2299%5C%22%2C%20%5C%22Chromium%5C%22%3Bv%3D%5C%22148%5C%22%22%2C%221%22%3A%22%3F0%22%2C%222%22%3A%22%5C%22Linux%5C%22%22%2C%223%22%3A%22%5C%22x86%5C%22%22%2C%224%22%3A%22%5C%2264%5C%22%22%2C%227%22%3A%22%3F0%22%2C%228%22%3A%22%5C%22Not%2FA)Brand%5C%22%3Bv%3D%5C%2299.0.0.0%5C%22%2C%20%5C%22Chromium%5C%22%3Bv%3D%5C%22148.0.7778.96%5C%22%22%7D:0
[    6465ms] [ERROR] Failed to load resource: net::ERR_CONNECTION_REFUSED @ https://sync.intentiq.com/profiles_engine/ProfilesEngineServlet?at=20&mi=10&secure=1&dpi=505173155&iiqidtype=2&iiqpcid=872244bc-3815-4dfd-8655-811e633da6ff&iiqpciddate=1780095771225&tsrnd=87_1780095771228&jsver=5.086&uh=%7B%220%22%3A%22%5C%22Not%2FA)Brand%5C%22%3Bv%3D%5C%2299%5C%22%2C%20%5C%22Chromium%5C%22%3Bv%3D%5C%22148%5C%22%22%2C%221%22%3A%22%3F0%22%2C%222%22%3A%22%5C%22Linux%5C%22%22%2C%223%22%3A%22%5C%22x86%5C%22%22%2C%224%22%3A%22%5C%2264%5C%22%22%2C%227%22%3A%22%3F0%22%2C%228%22%3A%22%5C%22Not%2FA)Brand%5C%22%3Bv%3D%5C%2299.0.0.0%5C%22%2C%20%5C%22Chromium%5C%22%3Bv%3D%5C%22148.0.7778.96%5C%22%22%7D:0
[    6480ms] [ERROR] Failed to load resource: net::ERR_CONNECTION_REFUSED @ https://cdn.id5-sync.com/api/1.0/id5-api.js:0
[    6491ms] [ERROR] Failed to load resource: net::ERR_CONNECTION_REFUSED @ https://api.intentiq.com/profiles_engine/ProfilesEngineServlet?at=39&mi=10&dpi=505173155&pt=17&dpn=1&jsver=6.15&iiqidtype=2&iiqpcid=872244bc-3815-4dfd-8655-811e633da6ff&iiqpciddate=1780095771225&jaesc=0&jafc=0&jaensc=0&iiqlocalstorageenabled=true&tsrnd=583_1780095771264&cttl=0&gpp=DBAA&gdpr_consent=undefined&gdpr=0&requestRtt=0&lastDataUpdateDate=0&testGroup=U&japbjs=true&japs=false&uh=%7B%220%22%3A%22%5C%22Not%2FA)Brand%5C%22%3Bv%3D%5C%2299%5C%22%2C%20%5C%22Chromium%5C%22%3Bv%3D%5C%22148%5C%22%22%2C%221%22%3A%22%3F0%22%2C%222%22%3A%22%5C%22Linux%5C%22%22%2C%223%22%3A%22%5C%22x86%5C%22%22%2C%224%22%3A%22%5C%2264%5C%22%22%2C%227%22%3A%22%3F0%22%2C%228%22%3A%22%5C%22Not%2FA)Brand%5C%22%3Bv%3D%5C%2299.0.0.0%5C%22%2C%20%5C%22Chromium%5C%22%3Bv%3D%5C%22148.0.7778.96%5C%22%22%7D&vrref=https%3A%2F%2Fmarkaicode.com:0
[    6504ms] [ERROR] Failed to load resource: net::ERR_CONNECTION_REFUSED @ https://socialcanvas-cdn.kargo.com/js/rh.min.js:0
[    6508ms] [ERROR] Failed to load resource: net::ERR_CONNECTION_REFUSED @ https://sb.scorecardresearch.com/cs/27053452/beacon.js:0
[    6514ms] [ERROR] Failed to load resource: net::ERR_CONNECTION_REFUSED @ https://oa.openxcdn.net/esp.js:0
[    6582ms] [ERROR] Failed to load resource: net::ERR_CONNECTION_REFUSED @ https://match.adsrvr.org/track/cmf/generic?ttd_pid=rsmir4h&ttd_puid=84ac5012-5bb2-11f1-8000-0123456789ab&ttd_tpi=1&rurl=https%3A%2F%2Fexchange.journeymv.com%2Fusersync%2Fredirect%3Fpartner%3Dthe_trade_desk%26uuid%3D84ac5012-5bb2-11f1-8000-0123456789ab%26s2sVersion%3Dproduction%26partnerId%3D%25%25TDID%25%25:0
[    6635ms] [ERROR] Failed to load resource: net::ERR_CONNECTION_REFUSED @ https://ssp-sync.criteo.com/user-sync/redirect?profile=319&gpp=DBAA&gpp_sid=-1&redir=https%3A%2F%2Fexchange.journeymv.com%2Fusersync%2Fredirect%3Fpartner%3Dcriteo%26uuid%3D84ac5012-5bb2-11f1-8000-0123456789ab%26s2sVersion%3Dproduction%26partnerId%3D%24%7BCRITEO_USER_ID%7D:0
[    6682ms] [ERROR] Failed to load resource: net::ERR_CONNECTION_REFUSED @ https://cdn.id5-sync.com/api/1.0/id5-api.js:0
[    6688ms] [ERROR] Failed to load resource: net::ERR_CONNECTION_REFUSED @ https://c.amazon-adsystem.com/bao-csm/aps-comm/aps_csm.js:0
[    6726ms] [ERROR] Failed to load resource: net::ERR_CONNECTION_REFUSED @ https://htlb.casalemedia.com/openrtb/pbjs?s=1072341:0
[    6728ms] [ERROR] Failed to load resource: net::ERR_CONNECTION_REFUSED @ https://tlx.3lift.com/header/auction?lib=prebid&v=11.11.0&referrer=https%3A%2F%2Fmarkaicode.com%2Farchitecture%2Fqdrant-vector-database-architecture%2F&tmax=2801:0
[    6737ms] [ERROR] Failed to load resource: net::ERR_CONNECTION_REFUSED @ https://hbopenbid.pubmatic.com/translator?source=prebid-client&gzip=1:0
[    6759ms] [ERROR] Failed to load resource: net::ERR_CONNECTION_REFUSED @ https://eb2.3lift.com/getuid?cmp_cs=&gdpr=0&redir=https%3A%2F%2Fcs.minutemedia-prebid.com%2Fcs%3Ffwrd%3D1%26aid%3D21480%26rid%3DV6p1eRlnCp_mm%26id%3D%24UID:0
[    6760ms] [ERROR] Failed to load resource: net::ERR_CONNECTION_REFUSED @ https://secure.adnxs.com/getuid?https%3A%2F%2Fcs.minutemedia-prebid.com%2Fcs%3Ffwrd%3D1%26aid%3D21484%26id%3D%24UID&gdpr=0&gdpr_consent=:0
[    6815ms] [ERROR] Failed to load resource: net::ERR_CONNECTION_REFUSED @ https://rtb.mfadsrvr.com/sync?ssp=minutemedia:0
[    6815ms] [ERROR] Failed to load resource: net::ERR_CONNECTION_REFUSED @ https://u.openx.net/w/1.0/cm?gdpr=0&gdpr_consent=&id=29975467-6f1b-4e06-b545-920b22ea49b2&r=https%3A%2F%2Fcs.minutemedia-prebid.com%2Fcs%3Ffwrd%3D1%26aid%3D21477%26rid%3D0_mLjIccCp_mm%26id%3D:0
[    6815ms] [ERROR] Failed to load resource: net::ERR_CONNECTION_REFUSED @ https://match.sharethrough.com/universal/v1?gdpr=0&gdpr_consent=&supply_id=3r9HMldH:0
[    6815ms] [ERROR] Failed to load resource: net::ERR_CONNECTION_REFUSED @ https://cs.emxdgt.com/um?gdpr=0&gdpr_consent=&redirect=https%3A%2F%2Fcs.minutemedia-prebid.com%2Fcs%3Ffwrd%3D1%26aid%3D21525%26id%3D%24UID:0
[    6815ms] [ERROR] Failed to load resource: net::ERR_CONNECTION_REFUSED @ https://ap.lijit.com/pixel?gdpr=0&gdpr_consent=&redir=https%3A%2F%2Fcs.minutemedia-prebid.com%2Fcs%3Ffwrd%3D1%26aid%3D21488%26id%3D%24UID:0
[    6816ms] [ERROR] Failed to load resource: net::ERR_CONNECTION_REFUSED @ https://ssc-cms.33across.com/ps/?ri=0015a00002hdV5tAAE&ru=https%3A%2F%2Fcs.minutemedia-prebid.com%2Fcs%3Ffwrd%3D1%26aid%3D21485%26puid%3D33XUSERID33X:0
[    6816ms] [ERROR] Failed to load resource: net::ERR_CONNECTION_REFUSED @ https://sync.1rx.io/usersync2/rmpssp?sub=sportority:0
[    6817ms] [ERROR] Failed to load resource: net::ERR_CONNECTION_REFUSED @ https://cs.media.net/cksync?cs=82&gdpr=%7BGDPR%7D&gdpr_consent=%7BGDPR_CONSENT%7D&redirect=https%3A%2F%2Fcs.minutemedia-prebid.com%2Fcs%3Ffwrd%3D1%26aid%3D21519%26id%3D%3Cvsid%3E&type=mim:0
[    6811ms] [ERROR] Failed to load resource: net::ERR_CONNECTION_REFUSED @ https://match.adsrvr.org/track/cmf/generic?ttd_pid=rsmir4h&ttd_puid=84ac5111-5bb2-11f1-8000-0123456789ab&ttd_tpi=1&rurl=https%3A%2F%2Fexchange.journeymv.com%2Fusersync%2Fredirect%3Fpartner%3Dthe_trade_desk%26uuid%3D84ac5111-5bb2-11f1-8000-0123456789ab%26s2sVersion%3Dproduction%26partnerId%3D%25%25TDID%25%25:0
[    6811ms] [ERROR] Failed to load resource: net::ERR_CONNECTION_REFUSED @ https://ssp-sync.criteo.com/user-sync/redirect?profile=319&gpp=DBAA&gpp_sid=-1&redir=https%3A%2F%2Fexchange.journeymv.com%2Fusersync%2Fredirect%3Fpartner%3Dcriteo%26uuid%3D84ac5111-5bb2-11f1-8000-0123456789ab%26s2sVersion%3Dproduction%26partnerId%3D%24%7BCRITEO_USER_ID%7D:0
[    6816ms] [ERROR] Failed to load resource: net::ERR_CONNECTION_REFUSED @ https://secure.adnxs.com/getuid?https://exchange.journeymv.com/usersync/redirect?partner=appnexus&uuid=84ac5111-5bb2-11f1-8000-0123456789ab&s2sVersion=production&partnerId=$UID:0
[    6822ms] [ERROR] Failed to load resource: net::ERR_CONNECTION_REFUSED @ https://sync.go.sonobi.com/us?consent_string=&gdpr=0&loc=https%3A%2F%2Fcs.minutemedia-prebid.com%2Fcs%3Ffwrd%3D1%26aid%3D21504%26uid%3D%5BUID%5D:0
[    6822ms] [ERROR] Failed to load resource: net::ERR_CONNECTION_REFUSED @ https://ads.yieldmo.com/pbsync?gdpr=0&gdpr_consent=&is=mmed&redirectUri=https%3A%2F%2Fcs.minutemedia-prebid.com%2Fcs%3Ffwrd%3D1%26aid%3D21486%26rid%3DV6p1eRlnCp_mm%26uid%3D%24UID&us_privacy=%5BUS_PRIVACY%5D:0
[    6759ms] [ERROR] Failed to load resource: net::ERR_CONNECTION_REFUSED @ https://eb2.3lift.com/getuid?cmp_cs=&gdpr=0&redir=https%3A%2F%2Fcs.minutemedia-prebid.com%2Fcs%3Ffwrd%3D1%26aid%3D21480%26rid%3DV6p1eRlnCp_mm%26id%3D%24UID:0
[    6760ms] [ERROR] Failed to load resource: net::ERR_CONNECTION_REFUSED @ https://secure.adnxs.com/getuid?https%3A%2F%2Fcs.minutemedia-prebid.com%2Fcs%3Ffwrd%3D1%26aid%3D21484%26id%3D%24UID&gdpr=0&gdpr_consent=:0
[    6815ms] [ERROR] Failed to load resource: net::ERR_CONNECTION_REFUSED @ https://rtb.mfadsrvr.com/sync?ssp=minutemedia:0
[    6815ms] [ERROR] Failed to load resource: net::ERR_CONNECTION_REFUSED @ https://u.openx.net/w/1.0/cm?gdpr=0&gdpr_consent=&id=29975467-6f1b-4e06-b545-920b22ea49b2&r=https%3A%2F%2Fcs.minutemedia-prebid.com%2Fcs%3Ffwrd%3D1%26aid%3D21477%26rid%3D0_mLjIccCp_mm%26id%3D:0
[    6815ms] [ERROR] Failed to load resource: net::ERR_CONNECTION_REFUSED @ https://match.sharethrough.com/universal/v1?gdpr=0&gdpr_consent=&supply_id=3r9HMldH:0
[    6815ms] [ERROR] Failed to load resource: net::ERR_CONNECTION_REFUSED @ https://cs.emxdgt.com/um?gdpr=0&gdpr_consent=&redirect=https%3A%2F%2Fcs.minutemedia-prebid.com%2Fcs%3Ffwrd%3D1%26aid%3D21525%26id%3D%24UID:0
[    6815ms] [ERROR] Failed to load resource: net::ERR_CONNECTION_REFUSED @ https://ap.lijit.com/pixel?gdpr=0&gdpr_consent=&redir=https%3A%2F%2Fcs.minutemedia-prebid.com%2Fcs%3Ffwrd%3D1%26aid%3D21488%26id%3D%24UID:0
[    6816ms] [ERROR] Failed to load resource: net::ERR_CONNECTION_REFUSED @ https://ssc-cms.33across.com/ps/?ri=0015a00002hdV5tAAE&ru=https%3A%2F%2Fcs.minutemedia-prebid.com%2Fcs%3Ffwrd%3D1%26aid%3D21485%26puid%3D33XUSERID33X:0
[    6816ms] [ERROR] Failed to load resource: net::ERR_CONNECTION_REFUSED @ https://sync.1rx.io/usersync2/rmpssp?sub=sportority:0
[    6817ms] [ERROR] Failed to load resource: net::ERR_CONNECTION_REFUSED @ https://cs.media.net/cksync?cs=82&gdpr=%7BGDPR%7D&gdpr_consent=%7BGDPR_CONSENT%7D&redirect=https%3A%2F%2Fcs.minutemedia-prebid.com%2Fcs%3Ffwrd%3D1%26aid%3D21519%26id%3D%3Cvsid%3E&type=mim:0
[    6822ms] [ERROR] Failed to load resource: net::ERR_CONNECTION_REFUSED @ https://sync.go.sonobi.com/us?consent_string=&gdpr=0&loc=https%3A%2F%2Fcs.minutemedia-prebid.com%2Fcs%3Ffwrd%3D1%26aid%3D21504%26uid%3D%5BUID%5D:0
[    6822ms] [ERROR] Failed to load resource: net::ERR_CONNECTION_REFUSED @ https://ads.yieldmo.com/pbsync?gdpr=0&gdpr_consent=&is=mmed&redirectUri=https%3A%2F%2Fcs.minutemedia-prebid.com%2Fcs%3Ffwrd%3D1%26aid%3D21486%26rid%3DV6p1eRlnCp_mm%26uid%3D%24UID&us_privacy=%5BUS_PRIVACY%5D:0
[    6854ms] [ERROR] Failed to load resource: net::ERR_CONNECTION_REFUSED @ https://sync.1rx.io/usersync2/rmpssp?sub=sportority:0
[    6857ms] [ERROR] Failed to load resource: net::ERR_CONNECTION_REFUSED @ https://ap.lijit.com/pixel?gdpr=0&gdpr_consent=&redir=https%3A%2F%2Fcs.minutemedia-prebid.com%2Fcs%3Ffwrd%3D1%26aid%3D21488%26id%3D%24UID:0
[    6857ms] [ERROR] Failed to load resource: net::ERR_CONNECTION_REFUSED @ https://ssc-cms.33across.com/ps/?ri=0015a00002hdV5tAAE&ru=https%3A%2F%2Fcs.minutemedia-prebid.com%2Fcs%3Ffwrd%3D1%26aid%3D21485%26puid%3D33XUSERID33X:0
[    6857ms] [ERROR] Failed to load resource: net::ERR_CONNECTION_REFUSED @ https://match.sharethrough.com/universal/v1?gdpr=0&gdpr_consent=&supply_id=3r9HMldH:0
[    6857ms] [ERROR] Failed to load resource: net::ERR_CONNECTION_REFUSED @ https://secure.adnxs.com/getuid?https%3A%2F%2Fcs.minutemedia-prebid.com%2Fcs%3Ffwrd%3D1%26aid%3D21484%26id%3D%24UID&gdpr=0&gdpr_consent=:0
[    6857ms] [ERROR] Failed to load resource: net::ERR_CONNECTION_REFUSED @ https://cs.emxdgt.com/um?gdpr=0&gdpr_consent=&redirect=https%3A%2F%2Fcs.minutemedia-prebid.com%2Fcs%3Ffwrd%3D1%26aid%3D21525%26id%3D%24UID:0
[    6857ms] [ERROR] Failed to load resource: net::ERR_CONNECTION_REFUSED @ https://ads.yieldmo.com/pbsync?gdpr=0&gdpr_consent=&is=mmed&redirectUri=https%3A%2F%2Fcs.minutemedia-prebid.com%2Fcs%3Ffwrd%3D1%26aid%3D21486%26rid%3DV6p1eRlnCp_mm%26uid%3D%24UID&us_privacy=%5BUS_PRIVACY%5D:0
[    6858ms] [ERROR] Failed to load resource: net::ERR_CONNECTION_REFUSED @ https://rtb.mfadsrvr.com/sync?ssp=minutemedia:0
[    6858ms] [ERROR] Failed to load resource: net::ERR_CONNECTION_REFUSED @ https://cs.media.net/cksync?cs=82&gdpr=%7BGDPR%7D&gdpr_consent=%7BGDPR_CONSENT%7D&redirect=https%3A%2F%2Fcs.minutemedia-prebid.com%2Fcs%3Ffwrd%3D1%26aid%3D21519%26id%3D%3Cvsid%3E&type=mim:0
[    6858ms] [ERROR] Failed to load resource: net::ERR_CONNECTION_REFUSED @ https://u.openx.net/w/1.0/cm?gdpr=0&gdpr_consent=&id=29975467-6f1b-4e06-b545-920b22ea49b2&r=https%3A%2F%2Fcs.minutemedia-prebid.com%2Fcs%3Ffwrd%3D1%26aid%3D21477%26rid%3D0_mLjIccCp_mm%26id%3D:0
[    6859ms] [ERROR] Failed to load resource: net::ERR_CONNECTION_REFUSED @ https://eb2.3lift.com/getuid?cmp_cs=&gdpr=0&redir=https%3A%2F%2Fcs.minutemedia-prebid.com%2Fcs%3Ffwrd%3D1%26aid%3D21480%26rid%3DV6p1eRlnCp_mm%26id%3D%24UID:0
[    6859ms] [ERROR] Failed to load resource: net::ERR_CONNECTION_REFUSED @ https://sync.go.sonobi.com/us?consent_string=&gdpr=0&loc=https%3A%2F%2Fcs.minutemedia-prebid.com%2Fcs%3Ffwrd%3D1%26aid%3D21504%26uid%3D%5BUID%5D:0
[    6868ms] [ERROR] Failed to load resource: net::ERR_CONNECTION_REFUSED @ https://image8.pubmatic.com/AdServer/ImgSync?gdpr=0&gdpr_consent=&p=161683&pu=https%3A%2F%2Fcs.minutemedia-prebid.com%2Fcs%3Ffwrd%3D1%26aid%3D21482%26id%3D%23PMUID:0
[    6868ms] [ERROR] Failed to load resource: net::ERR_CONNECTION_REFUSED @ https://image8.pubmatic.com/AdServer/ImgSync?gdpr=0&gdpr_consent=&p=161683&pu=https%3A%2F%2Fcs.minutemedia-prebid.com%2Fcs%3Ffwrd%3D1%26aid%3D21482%26id%3D%23PMUID:0
[    6890ms] [ERROR] Failed to load resource: net::ERR_CONNECTION_REFUSED @ https://crb.kargo.com/api/v1/dsync/mediavine?exid=84ac5111-5bb2-11f1-8000-0123456789ab&us_privacy=&r=https%3A%2F%2Fexchange.journeymv.com%2Fusersync%2Fredirect%3Fpartner%3Dkargo%26uuid%3D84ac5111-5bb2-11f1-8000-0123456789ab%26s2sVersion%3Dproduction%26partnerId%3D%24UID:0
[    6934ms] [ERROR] Failed to load resource: net::ERR_CONNECTION_REFUSED @ https://ssbsync.smartadserver.com/api/sync?callerId=59&gdpr=0&gdpr_consent=:0
[    6934ms] [ERROR] Failed to load resource: net::ERR_CONNECTION_REFUSED @ https://ssbsync.smartadserver.com/api/sync?callerId=59&gdpr=0&gdpr_consent=:0
[    6940ms] [ERROR] Failed to load resource: net::ERR_CONNECTION_REFUSED @ https://cs.admanmedia.com/sync/minute_media?gdpr=0&gdpr_consent=&redir=https%3A%2F%2Fcs.minutemedia-prebid.com%2Fcs%3Ffwrd%3D1%26aid%3D21497%26puid%3D%5BUID%5D:0
[    6940ms] [ERROR] Failed to load resource: net::ERR_CONNECTION_REFUSED @ https://cs.admanmedia.com/sync/minute_media?gdpr=0&gdpr_consent=&redir=https%3A%2F%2Fcs.minutemedia-prebid.com%2Fcs%3Ffwrd%3D1%26aid%3D21497%26puid%3D%5BUID%5D:0
[    6943ms] [ERROR] Failed to load resource: net::ERR_CONNECTION_REFUSED @ https://csync.loopme.me/?gdpr=0&gdpr_consent=&pubid=11556&redirect=https%3A%2F%2Fcs.minutemedia-prebid.com%2Fcs%3Ffwrd%3D1%26aid%3D21511%26id%3D%7Bdevice_id%7D:0
[    6943ms] [ERROR] Failed to load resource: net::ERR_CONNECTION_REFUSED @ https://csync.loopme.me/?gdpr=0&gdpr_consent=&pubid=11556&redirect=https%3A%2F%2Fcs.minutemedia-prebid.com%2Fcs%3Ffwrd%3D1%26aid%3D21511%26id%3D%7Bdevice_id%7D:0
[    7014ms] [ERROR] Failed to load resource: net::ERR_CONNECTION_REFUSED @ https://csync.loopme.me/?gdpr=0&gdpr_consent=&pubid=11362&redirect=https%3A%2F%2Fcs-server-s2s.yellowblue.io%2Fcs%3Ffwrd%3D1%26aid%3D11571%26id%3D%7Bdevice_id%7D:0
[    7014ms] [ERROR] Failed to load resource: net::ERR_CONNECTION_REFUSED @ https://eb2.3lift.com/getuid?cmp_cs=&gdpr=0&redir=https%3A%2F%2Fcs-server-s2s.yellowblue.io%2Fcs%3Ffwrd%3D1%26aid%3D11602%26rid%3Dq0T1ARlcCp_s%26id%3D%24UID:0
[    7014ms] [ERROR] Failed to load resource: net::ERR_CONNECTION_REFUSED @ https://rtb.mfadsrvr.com/sync?gdpr=0&gdpr_consent=&redir=https%3A%2F%2Fcs-server-s2s.yellowblue.io%2Fcs%3Ffwrd%3D1%26aid%3D11611%26uid%3D%24%7BUUID%7D&ssp=rise:0
[    7014ms] [ERROR] Failed to load resource: net::ERR_CONNECTION_REFUSED @ https://secure.adnxs.com/getuid?https%3A%2F%2Fcs-server-s2s.yellowblue.io%2Fcs%3Ffwrd%3D1%26aid%3D11596%26id%3D%24UID&gdpr=0&gdpr_consent=:0
[    7014ms] [ERROR] Failed to load resource: net::ERR_CONNECTION_REFUSED @ https://match.sharethrough.com/universal/v1?gdpr=0&gdpr_consent=&supply_id=5926d422:0
[    7014ms] [ERROR] Failed to load resource: net::ERR_CONNECTION_REFUSED @ https://ads.yieldmo.com/pbsync?gdpr=0&gdpr_consent=&is=rise&redirectUri=https%3A%2F%2Fcs-server-s2s.yellowblue.io%2Fcs%3Ffwrd%3D1%26aid%3D11584%26uid%3D%24UID&us_privacy=:0
[    7014ms] [ERROR] Failed to load resource: net::ERR_CONNECTION_REFUSED @ https://sync.go.sonobi.com/us?consent_string=&gdpr=0&loc=https%3A%2F%2Fcs-server-s2s.yellowblue.io%2Fcs%3Ffwrd%3D1%26aid%3D115667%26uid%3D%5BUID%5D:0
[    7014ms] [ERROR] Failed to load resource: net::ERR_CONNECTION_REFUSED @ https://bh.contextweb.com/bh/rtset?ev=1&gdpr=0&gdpr_consent=&pid=562615&rurl=https%3A%2F%2Fcs-server-s2s.yellowblue.io%2Fcs%3Ffwrd%3D1%26aid%3D11592%26uid%3D%25%25VGUID%25%25&us_privacy=%5BUS_PRIVACY%5D:0
[    7014ms] [ERROR] Failed to load resource: net::ERR_CONNECTION_REFUSED @ https://sync.1rx.io/usersync2/rmpssp?gdpr=0&gdpr_consent=&sub=typeaholdings:0
[    7014ms] [ERROR] Failed to load resource: net::ERR_CONNECTION_REFUSED @ https://ssc-cms.33across.com/ps/?ri=0015a00002hdV5tAAE&ru=https%3A%2F%2Fcs-server-s2s.yellowblue.io%2Fcs%3Ffwrd%3D1%26aid%3D11580%26puid%3D33XUSERID33X:0
[    7014ms] [ERROR] Failed to load resource: net::ERR_CONNECTION_REFUSED @ https://cs.admanmedia.com/77bb8e39d66271fda1db01d45766b9d9.gif?puid=%5BUID%5D&redir=https%3A%2F%2Fcs-server-s2s.yellowblue.io%2Fcs%3Ffwrd%3D1%26aid%3D11559%26id%3D%5BUID%5D%26gdpr%3D%5BGDPR%5D%26gdpr_consent%3D%5BUSER_CONSENT%5D:0
[    7014ms] [ERROR] Failed to load resource: net::ERR_CONNECTION_REFUSED @ https://ssp-sync.criteo.com/user-sync/redirect?gdpr=0&gdpr_consent=&profile=342&redir=https%3A%2F%2Fcs-server-s2s.yellowblue.io%2Fcs%3Ffwrd%3D1%26aid%3D11614%26id%3D%24%7BCRITEO_USER_ID%7D:0
[    7014ms] [ERROR] Failed to load resource: net::ERR_CONNECTION_REFUSED @ https://prebid-match.dotomi.com/match/bounce/current?gdpr=0&gdpr_consent=&networkId=72582&rurl=https%3A%2F%2Fcs-server-s2s.yellowblue.io%2Fcs%3Ffwrd%3D1%26aid%3D11617%26uid%3D&us_privacy=%5BUS_PRIVACY%5D&version=1:0
[    7026ms] [ERROR] Failed to load resource: net::ERR_CONNECTION_REFUSED @ https://hbx.media.net/cksync.php?bidder=medianet&cs=1&gdpr=0&gdpr_consent=&gpp=%5BGPP%5D&gpp_sid=%5BGPP_SID%5D&ovsid=%7B%7BAPID%7D%7D&redirect=https%3A%2F%2Fcs-server-s2s.yellowblue.io%2Fcs%3Ffwrd%3D1%26aid%3D11585%26id%3D%3Cvsid%3E&type=pbs&us_privacy=%5BUS_PRIVACY%5D:0
[    7037ms] [ERROR] Failed to load resource: net::ERR_CONNECTION_REFUSED @ https://ssbsync-global.smartadserver.com/api/sync?callerId=5&gdpr=0&gdpr_consent=&redirectUri=https%3A%2F%2Fcs-server-s2s.yellowblue.io%2Fcs%3Ffwrd%3D1%26aid%3D11600%26uid%3D%5Bssb_sync_pid%5D&us_privacy=%5BUS_PRIVACY%5D:0
[    7062ms] [ERROR] Failed to load resource: net::ERR_CONNECTION_REFUSED @ https://us-u.openx.net/w/1.0/cm?gdpr=0&gdpr_consent=&id=58ceaaf5-c766-4c17-869a-d76e43401714&r=https%3A%2F%2Fcs-server-s2s.yellowblue.io%2Fcs%3Ffwrd%3D1%26aid%3D11563%26id%3D:0
[    7064ms] [ERROR] Failed to load resource: net::ERR_CONNECTION_REFUSED @ https://s.ad.smaato.net/c/?adExInit=rise&gdpr=0&gdpr_consent=&redir=https%3A%2F%2Fcs-server-s2s.yellowblue.io%2Fcs%3Ffwrd%3D1%26aid%3D11574%26id%3D%24UID:0
[    7065ms] [ERROR] Failed to load resource: net::ERR_CONNECTION_REFUSED @ https://cm.adform.net/cookie?redirect_url=https%3A%2F%2Fcs-server-s2s.yellowblue.io%2Fcs%3Ffwrd%3D1%26aid%3D11606%26gdpr%3D%5BGDPR%5D%26gdpr_consent%3D%5BUSER_CONSENT%5D%26uid%3D%24UID:0
[    7074ms] [ERROR] Failed to load resource: net::ERR_CONNECTION_REFUSED @ https://static.cloudflareinsights.com/beacon.min.js/v833ccba57c9e4d2798f2e76cebdd09a11778172276447:0
[    7079ms] [ERROR] Failed to load resource: net::ERR_CONNECTION_REFUSED @ https://static.cloudflareinsights.com/beacon.min.js/v833ccba57c9e4d2798f2e76cebdd09a11778172276447:0
[    7081ms] [ERROR] Failed to load resource: net::ERR_CONNECTION_REFUSED @ https://creativecdn.com/cm-notify?pi=rise:0
[    7086ms] [ERROR] Failed to load resource: net::ERR_CONNECTION_REFUSED @ https://jadserve.postrelease.com/suid/102050?gdpr=0&gdpr_consent=&ntv_r=https%3A%2F%2Fcs-server-s2s.yellowblue.io%2Fcs%3Ffwrd%3D1%26aid%3D11618%26id%3DNTV_USER_ID:0
[    7139ms] [ERROR] Failed to load resource: net::ERR_CONNECTION_REFUSED @ https://sync.1rx.io/usersync2/rmpssp?sub=zeta&gdpr=0&gdpr_consent=&us_privacy=&redir=https%3A%2F%2Fssp.disqus.com%2Fmatch%3Fbidder%3D37%26buyeruid%3D%5BRX_UUID%5D%26r%3DCid1YS05NjU1NGE1OS00MWZkLTMwNjgtOTI2MS05Y2FmMzQ3MjJhZTgqYGh0dHBzOi8vY3MubWludXRlbWVkaWEtcHJlYmlkLmNvbS9jcz9md3JkPTEmYWlkPTIxNDk1JmlkPXVhLTk2NTU0YTU5LTQxZmQtMzA2OC05MjYxLTljYWYzNDcyMmFlODICJRs4AQ==:0
[    7165ms] [ERROR] Failed to load resource: net::ERR_CONNECTION_REFUSED @ https://cs.admanmedia.com/45f6616f8301569fb3628edffa5edae8.gif?gdpr=0&gdpr_consent=&ccpa=&coppa=&gpp=&gpp_sid=&redir=https%3A%2F%2Fssp.disqus.com%2Fmatch%3Fbidder%3D47%26r%3DCid1YS05NjU1NGE1OS00MWZkLTMwNjgtOTI2MS05Y2FmMzQ3MjJhZTgqYGh0dHBzOi8vY3MubWludXRlbWVkaWEtcHJlYmlkLmNvbS9jcz9md3JkPTEmYWlkPTIxNDk1JmlkPXVhLTk2NTU0YTU5LTQxZmQtMzA2OC05MjYxLTljYWYzNDcyMmFlODICLxs4AQ==%26buyeruid%3D%5BUID%5D:0
[    6759ms] [ERROR] Failed to load resource: net::ERR_CONNECTION_REFUSED @ https://eb2.3lift.com/getuid?cmp_cs=&gdpr=0&redir=https%3A%2F%2Fcs.minutemedia-prebid.com%2Fcs%3Ffwrd%3D1%26aid%3D21480%26rid%3DV6p1eRlnCp_mm%26id%3D%24UID:0
[    6760ms] [ERROR] Failed to load resource: net::ERR_CONNECTION_REFUSED @ https://secure.adnxs.com/getuid?https%3A%2F%2Fcs.minutemedia-prebid.com%2Fcs%3Ffwrd%3D1%26aid%3D21484%26id%3D%24UID&gdpr=0&gdpr_consent=:0
[    6815ms] [ERROR] Failed to load resource: net::ERR_CONNECTION_REFUSED @ https://rtb.mfadsrvr.com/sync?ssp=minutemedia:0
[    6815ms] [ERROR] Failed to load resource: net::ERR_CONNECTION_REFUSED @ https://u.openx.net/w/1.0/cm?gdpr=0&gdpr_consent=&id=29975467-6f1b-4e06-b545-920b22ea49b2&r=https%3A%2F%2Fcs.minutemedia-prebid.com%2Fcs%3Ffwrd%3D1%26aid%3D21477%26rid%3D0_mLjIccCp_mm%26id%3D:0
[    6815ms] [ERROR] Failed to load resource: net::ERR_CONNECTION_REFUSED @ https://match.sharethrough.com/universal/v1?gdpr=0&gdpr_consent=&supply_id=3r9HMldH:0
[    6815ms] [ERROR] Failed to load resource: net::ERR_CONNECTION_REFUSED @ https://cs.emxdgt.com/um?gdpr=0&gdpr_consent=&redirect=https%3A%2F%2Fcs.minutemedia-prebid.com%2Fcs%3Ffwrd%3D1%26aid%3D21525%26id%3D%24UID:0
[    6815ms] [ERROR] Failed to load resource: net::ERR_CONNECTION_REFUSED @ https://ap.lijit.com/pixel?gdpr=0&gdpr_consent=&redir=https%3A%2F%2Fcs.minutemedia-prebid.com%2Fcs%3Ffwrd%3D1%26aid%3D21488%26id%3D%24UID:0
[    6816ms] [ERROR] Failed to load resource: net::ERR_CONNECTION_REFUSED @ https://ssc-cms.33across.com/ps/?ri=0015a00002hdV5tAAE&ru=https%3A%2F%2Fcs.minutemedia-prebid.com%2Fcs%3Ffwrd%3D1%26aid%3D21485%26puid%3D33XUSERID33X:0
[    6816ms] [ERROR] Failed to load resource: net::ERR_CONNECTION_REFUSED @ https://sync.1rx.io/usersync2/rmpssp?sub=sportority:0
[    6817ms] [ERROR] Failed to load resource: net::ERR_CONNECTION_REFUSED @ https://cs.media.net/cksync?cs=82&gdpr=%7BGDPR%7D&gdpr_consent=%7BGDPR_CONSENT%7D&redirect=https%3A%2F%2Fcs.minutemedia-prebid.com%2Fcs%3Ffwrd%3D1%26aid%3D21519%26id%3D%3Cvsid%3E&type=mim:0
[    6822ms] [ERROR] Failed to load resource: net::ERR_CONNECTION_REFUSED @ https://sync.go.sonobi.com/us?consent_string=&gdpr=0&loc=https%3A%2F%2Fcs.minutemedia-prebid.com%2Fcs%3Ffwrd%3D1%26aid%3D21504%26uid%3D%5BUID%5D:0
[    6822ms] [ERROR] Failed to load resource: net::ERR_CONNECTION_REFUSED @ https://ads.yieldmo.com/pbsync?gdpr=0&gdpr_consent=&is=mmed&redirectUri=https%3A%2F%2Fcs.minutemedia-prebid.com%2Fcs%3Ffwrd%3D1%26aid%3D21486%26rid%3DV6p1eRlnCp_mm%26uid%3D%24UID&us_privacy=%5BUS_PRIVACY%5D:0
[    6854ms] [ERROR] Failed to load resource: net::ERR_CONNECTION_REFUSED @ https://sync.1rx.io/usersync2/rmpssp?sub=sportority:0
[    6857ms] [ERROR] Failed to load resource: net::ERR_CONNECTION_REFUSED @ https://ap.lijit.com/pixel?gdpr=0&gdpr_consent=&redir=https%3A%2F%2Fcs.minutemedia-prebid.com%2Fcs%3Ffwrd%3D1%26aid%3D21488%26id%3D%24UID:0
[    6857ms] [ERROR] Failed to load resource: net::ERR_CONNECTION_REFUSED @ https://ssc-cms.33across.com/ps/?ri=0015a00002hdV5tAAE&ru=https%3A%2F%2Fcs.minutemedia-prebid.com%2Fcs%3Ffwrd%3D1%26aid%3D21485%26puid%3D33XUSERID33X:0
[    6857ms] [ERROR] Failed to load resource: net::ERR_CONNECTION_REFUSED @ https://match.sharethrough.com/universal/v1?gdpr=0&gdpr_consent=&supply_id=3r9HMldH:0
[    6857ms] [ERROR] Failed to load resource: net::ERR_CONNECTION_REFUSED @ https://secure.adnxs.com/getuid?https%3A%2F%2Fcs.minutemedia-prebid.com%2Fcs%3Ffwrd%3D1%26aid%3D21484%26id%3D%24UID&gdpr=0&gdpr_consent=:0
[    6857ms] [ERROR] Failed to load resource: net::ERR_CONNECTION_REFUSED @ https://cs.emxdgt.com/um?gdpr=0&gdpr_consent=&redirect=https%3A%2F%2Fcs.minutemedia-prebid.com%2Fcs%3Ffwrd%3D1%26aid%3D21525%26id%3D%24UID:0
[    6857ms] [ERROR] Failed to load resource: net::ERR_CONNECTION_REFUSED @ https://ads.yieldmo.com/pbsync?gdpr=0&gdpr_consent=&is=mmed&redirectUri=https%3A%2F%2Fcs.minutemedia-prebid.com%2Fcs%3Ffwrd%3D1%26aid%3D21486%26rid%3DV6p1eRlnCp_mm%26uid%3D%24UID&us_privacy=%5BUS_PRIVACY%5D:0
[    6858ms] [ERROR] Failed to load resource: net::ERR_CONNECTION_REFUSED @ https://rtb.mfadsrvr.com/sync?ssp=minutemedia:0
[    6858ms] [ERROR] Failed to load resource: net::ERR_CONNECTION_REFUSED @ https://cs.media.net/cksync?cs=82&gdpr=%7BGDPR%7D&gdpr_consent=%7BGDPR_CONSENT%7D&redirect=https%3A%2F%2Fcs.minutemedia-prebid.com%2Fcs%3Ffwrd%3D1%26aid%3D21519%26id%3D%3Cvsid%3E&type=mim:0
[    6858ms] [ERROR] Failed to load resource: net::ERR_CONNECTION_REFUSED @ https://u.openx.net/w/1.0/cm?gdpr=0&gdpr_consent=&id=29975467-6f1b-4e06-b545-920b22ea49b2&r=https%3A%2F%2Fcs.minutemedia-prebid.com%2Fcs%3Ffwrd%3D1%26aid%3D21477%26rid%3D0_mLjIccCp_mm%26id%3D:0
[    6859ms] [ERROR] Failed to load resource: net::ERR_CONNECTION_REFUSED @ https://eb2.3lift.com/getuid?cmp_cs=&gdpr=0&redir=https%3A%2F%2Fcs.minutemedia-prebid.com%2Fcs%3Ffwrd%3D1%26aid%3D21480%26rid%3DV6p1eRlnCp_mm%26id%3D%24UID:0
[    6859ms] [ERROR] Failed to load resource: net::ERR_CONNECTION_REFUSED @ https://sync.go.sonobi.com/us?consent_string=&gdpr=0&loc=https%3A%2F%2Fcs.minutemedia-prebid.com%2Fcs%3Ffwrd%3D1%26aid%3D21504%26uid%3D%5BUID%5D:0
[    6868ms] [ERROR] Failed to load resource: net::ERR_CONNECTION_REFUSED @ https://image8.pubmatic.com/AdServer/ImgSync?gdpr=0&gdpr_consent=&p=161683&pu=https%3A%2F%2Fcs.minutemedia-prebid.com%2Fcs%3Ffwrd%3D1%26aid%3D21482%26id%3D%23PMUID:0
[    6868ms] [ERROR] Failed to load resource: net::ERR_CONNECTION_REFUSED @ https://image8.pubmatic.com/AdServer/ImgSync?gdpr=0&gdpr_consent=&p=161683&pu=https%3A%2F%2Fcs.minutemedia-prebid.com%2Fcs%3Ffwrd%3D1%26aid%3D21482%26id%3D%23PMUID:0
[    6934ms] [ERROR] Failed to load resource: net::ERR_CONNECTION_REFUSED @ https://ssbsync.smartadserver.com/api/sync?callerId=59&gdpr=0&gdpr_consent=:0
[    6934ms] [ERROR] Failed to load resource: net::ERR_CONNECTION_REFUSED @ https://ssbsync.smartadserver.com/api/sync?callerId=59&gdpr=0&gdpr_consent=:0
[    6940ms] [ERROR] Failed to load resource: net::ERR_CONNECTION_REFUSED @ https://cs.admanmedia.com/sync/minute_media?gdpr=0&gdpr_consent=&redir=https%3A%2F%2Fcs.minutemedia-prebid.com%2Fcs%3Ffwrd%3D1%26aid%3D21497%26puid%3D%5BUID%5D:0
[    6940ms] [ERROR] Failed to load resource: net::ERR_CONNECTION_REFUSED @ https://cs.admanmedia.com/sync/minute_media?gdpr=0&gdpr_consent=&redir=https%3A%2F%2Fcs.minutemedia-prebid.com%2Fcs%3Ffwrd%3D1%26aid%3D21497%26puid%3D%5BUID%5D:0
[    6943ms] [ERROR] Failed to load resource: net::ERR_CONNECTION_REFUSED @ https://csync.loopme.me/?gdpr=0&gdpr_consent=&pubid=11556&redirect=https%3A%2F%2Fcs.minutemedia-prebid.com%2Fcs%3Ffwrd%3D1%26aid%3D21511%26id%3D%7Bdevice_id%7D:0
[    6943ms] [ERROR] Failed to load resource: net::ERR_CONNECTION_REFUSED @ https://csync.loopme.me/?gdpr=0&gdpr_consent=&pubid=11556&redirect=https%3A%2F%2Fcs.minutemedia-prebid.com%2Fcs%3Ffwrd%3D1%26aid%3D21511%26id%3D%7Bdevice_id%7D:0
[    7139ms] [ERROR] Failed to load resource: net::ERR_CONNECTION_REFUSED @ https://sync.1rx.io/usersync2/rmpssp?sub=zeta&gdpr=0&gdpr_consent=&us_privacy=&redir=https%3A%2F%2Fssp.disqus.com%2Fmatch%3Fbidder%3D37%26buyeruid%3D%5BRX_UUID%5D%26r%3DCid1YS05NjU1NGE1OS00MWZkLTMwNjgtOTI2MS05Y2FmMzQ3MjJhZTgqYGh0dHBzOi8vY3MubWludXRlbWVkaWEtcHJlYmlkLmNvbS9jcz9md3JkPTEmYWlkPTIxNDk1JmlkPXVhLTk2NTU0YTU5LTQxZmQtMzA2OC05MjYxLTljYWYzNDcyMmFlODICJRs4AQ==:0
[    7165ms] [ERROR] Failed to load resource: net::ERR_CONNECTION_REFUSED @ https://cs.admanmedia.com/45f6616f8301569fb3628edffa5edae8.gif?gdpr=0&gdpr_consent=&ccpa=&coppa=&gpp=&gpp_sid=&redir=https%3A%2F%2Fssp.disqus.com%2Fmatch%3Fbidder%3D47%26r%3DCid1YS05NjU1NGE1OS00MWZkLTMwNjgtOTI2MS05Y2FmMzQ3MjJhZTgqYGh0dHBzOi8vY3MubWludXRlbWVkaWEtcHJlYmlkLmNvbS9jcz9md3JkPTEmYWlkPTIxNDk1JmlkPXVhLTk2NTU0YTU5LTQxZmQtMzA2OC05MjYxLTljYWYzNDcyMmFlODICLxs4AQ==%26buyeruid%3D%5BUID%5D:0
[    7237ms] [ERROR] Failed to load resource: net::ERR_CONNECTION_REFUSED @ https://ssc-cms.33across.com/ps/?ri=0015a00002hdV5tAAE&ru=https%3A%2F%2Fcs.minutemedia-prebid.com%2Fcs%3Ffwrd%3D1%26aid%3D21485%26puid%3D33XUSERID33X:0
[    7237ms] [ERROR] Failed to load resource: net::ERR_CONNECTION_REFUSED @ https://sync.1rx.io/usersync2/rmpssp?sub=sportority:0
[    7237ms] [ERROR] Failed to load resource: net::ERR_CONNECTION_REFUSED @ https://u.openx.net/w/1.0/cm?gdpr=0&gdpr_consent=&id=29975467-6f1b-4e06-b545-920b22ea49b2&r=https%3A%2F%2Fcs.minutemedia-prebid.com%2Fcs%3Ffwrd%3D1%26aid%3D21477%26rid%3D0_mLjIccCp_mm%26id%3D:0
[    7237ms] [ERROR] Failed to load resource: net::ERR_CONNECTION_REFUSED @ https://cs.admanmedia.com/sync/minute_media?gdpr=0&gdpr_consent=&redir=https%3A%2F%2Fcs.minutemedia-prebid.com%2Fcs%3Ffwrd%3D1%26aid%3D21497%26puid%3D%5BUID%5D:0
[    7237ms] [ERROR] Failed to load resource: net::ERR_CONNECTION_REFUSED @ https://ssbsync.smartadserver.com/api/sync?callerId=59&gdpr=0&gdpr_consent=:0
[    7238ms] [ERROR] Failed to load resource: net::ERR_CONNECTION_REFUSED @ https://csync.loopme.me/?gdpr=0&gdpr_consent=&pubid=11556&redirect=https%3A%2F%2Fcs.minutemedia-prebid.com%2Fcs%3Ffwrd%3D1%26aid%3D21511%26id%3D%7Bdevice_id%7D:0
[    7238ms] [ERROR] Failed to load resource: net::ERR_CONNECTION_REFUSED @ https://rtb.mfadsrvr.com/sync?ssp=minutemedia:0
[    7238ms] [ERROR] Failed to load resource: net::ERR_CONNECTION_REFUSED @ https://secure.adnxs.com/getuid?https%3A%2F%2Fcs.minutemedia-prebid.com%2Fcs%3Ffwrd%3D1%26aid%3D21484%26id%3D%24UID&gdpr=0&gdpr_consent=:0
[    7238ms] [ERROR] Failed to load resource: net::ERR_CONNECTION_REFUSED @ https://match.sharethrough.com/universal/v1?gdpr=0&gdpr_consent=&supply_id=3r9HMldH:0
[    7239ms] [ERROR] Failed to load resource: net::ERR_CONNECTION_REFUSED @ https://ssp-sync.criteo.com/user-sync/redirect?profile=342&gdpr=0&gdpr_consent=&redir=https%3A%2F%2Fmeasureadv.com%2FuserBackIframe%3Fuid%3D%24%7BCRITEO_USER_ID%7D%26p%3D5:0
[    7239ms] [ERROR] Failed to load resource: net::ERR_CONNECTION_REFUSED @ https://ssbsync.smartadserver.com/api/sync?callerId=75&gdpr=0&gdpr_consent=&redirectUri=https%3A%2F%2Fmeasureadv.com%2FuserBackIframe%3Fuid%3D%5Bssb_sync_pid%5D%26p%3D6:0
[    7239ms] [ERROR] Failed to load resource: net::ERR_CONNECTION_REFUSED @ https://cs.media.net/cksync?cs=146&gdpr=0&gdpr_consent=&type=vid&redirect=https%3A%2F%2Fmeasureadv.com%2FuserBackIframe%3Fuid%3D%3Cvsid%3E%26p%3D8:0
[    7239ms] [ERROR] Failed to load resource: net::ERR_CONNECTION_REFUSED @ https://sync.1rx.io/usersync2/rmpssp?sub=seven:0
[    7241ms] [ERROR] Failed to load resource: net::ERR_CONNECTION_REFUSED @ https://ap.lijit.com/pixel?gdpr=0&gdpr_consent=&redir=https%3A%2F%2Fcs.minutemedia-prebid.com%2Fcs%3Ffwrd%3D1%26aid%3D21488%26id%3D%24UID:0
[    7241ms] [ERROR] Failed to load resource: net::ERR_CONNECTION_REFUSED @ https://ads.yieldmo.com/pbsync?gdpr=0&gdpr_consent=&is=mmed&redirectUri=https%3A%2F%2Fcs.minutemedia-prebid.com%2Fcs%3Ffwrd%3D1%26aid%3D21486%26rid%3DV6p1eRlnCp_mm%26uid%3D%24UID&us_privacy=%5BUS_PRIVACY%5D:0
[    7241ms] [ERROR] Failed to load resource: net::ERR_CONNECTION_REFUSED @ https://cs.media.net/cksync?cs=82&gdpr=%7BGDPR%7D&gdpr_consent=%7BGDPR_CONSENT%7D&redirect=https%3A%2F%2Fcs.minutemedia-prebid.com%2Fcs%3Ffwrd%3D1%26aid%3D21519%26id%3D%3Cvsid%3E&type=mim:0
[    7241ms] [ERROR] Failed to load resource: net::ERR_CONNECTION_REFUSED @ https://eb2.3lift.com/getuid?cmp_cs=&gdpr=0&redir=https%3A%2F%2Fcs.minutemedia-prebid.com%2Fcs%3Ffwrd%3D1%26aid%3D21480%26rid%3DV6p1eRlnCp_mm%26id%3D%24UID:0
[    7241ms] [ERROR] Failed to load resource: net::ERR_CONNECTION_REFUSED @ https://cs.emxdgt.com/um?gdpr=0&gdpr_consent=&redirect=https%3A%2F%2Fcs.minutemedia-prebid.com%2Fcs%3Ffwrd%3D1%26aid%3D21525%26id%3D%24UID:0
[    7241ms] [ERROR] Failed to load resource: net::ERR_CONNECTION_REFUSED @ https://image8.pubmatic.com/AdServer/ImgSync?gdpr=0&gdpr_consent=&p=161683&pu=https%3A%2F%2Fcs.minutemedia-prebid.com%2Fcs%3Ffwrd%3D1%26aid%3D21482%26id%3D%23PMUID:0
[    7242ms] [ERROR] Failed to load resource: net::ERR_CONNECTION_REFUSED @ https://sync.go.sonobi.com/us?consent_string=&gdpr=0&loc=https%3A%2F%2Fcs.minutemedia-prebid.com%2Fcs%3Ffwrd%3D1%26aid%3D21504%26uid%3D%5BUID%5D:0
[    7242ms] [ERROR] Failed to load resource: net::ERR_CONNECTION_REFUSED @ https://image8.pubmatic.com/AdServer/ImgSync?p=161018&gdpr=0&gdpr_consent=&pu=https%3A%2F%2Fimage4.pubmatic.com%2FAdServer%2FSPug%3Fp%3D161018%26pmc%3DPM_PMC%26pr%3Dhttps%253A%252F%252Fmeasureadv.com%252FuserBackIframe%253Fuid%253D%2523PMUID%2526p%253D13:0
[    7260ms] [ERROR] Failed to load resource: net::ERR_CONNECTION_REFUSED @ https://x.bidswitch.net/sync?ssp=videoheroes&user_id=11c7dc8d-21d1-5f4d-85c5-8918d8a69ad6&gdpr=0&gdpr_consent=:0
[    7267ms] [ERROR] Failed to load resource: net::ERR_CONNECTION_REFUSED @ https://ad.360yield.com/server_match?partner_id=1805&gdpr=0&gdpr_consent=&r=https%3A%2F%2Fmeasureadv.com%2FuserBackIframe%3Fuid%3D%7BPUB_USER_ID%7D%26p%3D3:0
[    7268ms] [ERROR] Failed to load resource: net::ERR_CONNECTION_REFUSED @ https://ib.adnxs.com/getuid?https%3A%2F%2Fmeasureadv.com%2FuserBackIframe%3Fuid%3D%24UID%26p%3D7:0
[    7269ms] [ERROR] Failed to load resource: net::ERR_CONNECTION_REFUSED @ https://rtb.openx.net/sync/prebid?gdpr=0&gdpr_consent=&r=https%3A%2F%2Fmeasureadv.com%2FuserBackIframe%3Fuid%3D%24%7BUID%7D%26p%3D9:0
[    7269ms] [ERROR] Failed to load resource: net::ERR_CONNECTION_REFUSED @ https://c1.adform.net/cookie?redirect_url=https%3A%2F%2Fmeasureadv.com%2FuserBackIframe%3Fuid%3D%24UID%26p%3D11:0
[    7438ms] [ERROR] Failed to load resource: net::ERR_CONNECTION_REFUSED @ https://alocdn.com/c/vn3d8u2u/a/xtarget/p.json:0
[    7619ms] [ERROR] Failed to load resource: net::ERR_CONNECTION_REFUSED @ https://match.adsrvr.org/track/rid?ttd_pid=sne7dew&fmt=json:0
[    7620ms] [ERROR] Failed to load resource: net::ERR_CONNECTION_REFUSED @ https://id5-sync.com/api/config/prebid:0
[    7620ms] [ERROR] Failed to load resource: net::ERR_CONNECTION_REFUSED @ https://gum.criteo.com/sid/json?origin=prebid&topUrl=https%3A%2F%2Fmarkaicode.com%2F&domain=markaicode.com&lsw=1&gpp=DBAA&gpp_sid=-1:0
[    7620ms] Uncaught (in promise) TypeError: Failed to fetch
    at o (https://scripts.journeymv.com/tags/3688/22cf30bd98d3a32ba2ec.min.js:1:99520)
    at j (https://scripts.journeymv.com/tags/4658/21b51cf5d9493b70e964.min.js:0:306402)
    at execute (https://scripts.journeymv.com/tags/4658/21b51cf5d9493b70e964.min.js:0:305371)
    at callback (https://scripts.journeymv.com/tags/4658/21b51cf5d9493b70e964.min.js:0:304330)
    at <anonymous> (https://scripts.journeymv.com/tags/4658/21b51cf5d9493b70e964.min.js:0:232974)
    at te (https://scripts.journeymv.com/tags/4658/21b51cf5d9493b70e964.min.js:0:232881)
    at <anonymous> (https://scripts.journeymv.com/tags/4658/21b51cf5d9493b70e964.min.js:0:246848)
    at <anonymous> (https://scripts.journeymv.com/tags/4658/21b51cf5d9493b70e964.min.js:0:246835)
    at <anonymous> (https://scripts.journeymv.com/tags/4658/21b51cf5d9493b70e964.min.js:0:246049)
[    7653ms] [WARNING] The resource https://securepubads.g.doubleclick.net/tag/js/gpt.js was preloaded using link preload but not used within a few seconds from the window's load event. Please make sure it has an appropriate `as` value and it is preloaded intentionally. @ https://markaicode.com/architecture/qdrant-vector-database-architecture/:0
[    7772ms] [ERROR] Failed to load resource: net::ERR_CONNECTION_REFUSED @ https://sync.adkernel.com/user-sync?zone=176971&t=image&gdpr=0&gdpr_consent=&us_privacy=&r=https%3A%2F%2Fssp.disqus.com%2Fmatch%3Fbidder%3D27%26buyeruid%3D%7BUID%7D%26r%3DCid1YS05NjU1NGE1OS00MWZkLTMwNjgtOTI2MS05Y2FmMzQ3MjJhZTgqYGh0dHBzOi8vY3MubWludXRlbWVkaWEtcHJlYmlkLmNvbS9jcz9md3JkPTEmYWlkPTIxNDk1JmlkPXVhLTk2NTU0YTU5LTQxZmQtMzA2OC05MjYxLTljYWYzNDcyMmFlODICIRs4Ag==:0
[    8079ms] [ERROR] Failed to load resource: net::ERR_CONNECTION_REFUSED @ https://rtb.mfadsrvr.com/sync?ssp=trustx:0
[    8079ms] [ERROR] Failed to load resource: net::ERR_CONNECTION_REFUSED @ https://x.bidswitch.net/sync?ssp=trustx&user_id=ac5a00c9-9910-494f-9d8f-557173c0bebb:0
[    8084ms] [ERROR] Failed to load resource: net::ERR_CONNECTION_REFUSED @ https://match.adsrvr.org/track/cmf/generic?ttd_tpi=1&ttd_pid=lewrkpm:0
[    8084ms] [ERROR] Failed to load resource: net::ERR_CONNECTION_REFUSED @ https://match.adsrvr.org/track/cmf/generic?ttd_tpi=1&ttd_pid=q4jldgr:0
[    8127ms] [ERROR] Failed to load resource: net::ERR_CONNECTION_REFUSED @ https://rtb.mfadsrvr.com/sync?ssp=trustx:0
[    8127ms] [ERROR] Failed to load resource: net::ERR_CONNECTION_REFUSED @ https://x.bidswitch.net/sync?ssp=trustx&user_id=f43e3620-2628-4c41-a84b-77e84dee9f7a:0
[    8127ms] [ERROR] Failed to load resource: net::ERR_CONNECTION_REFUSED @ https://match.adsrvr.org/track/cmf/generic?ttd_tpi=1&ttd_pid=lewrkpm:0
[    8127ms] [ERROR] Failed to load resource: net::ERR_CONNECTION_REFUSED @ https://match.adsrvr.org/track/cmf/generic?ttd_tpi=1&ttd_pid=q4jldgr:0
[   13162ms] [WARNING] The resource https://securepubads.g.doubleclick.net/tag/js/gpt.js was preloaded using link preload but not used within a few seconds from the window's load event. Please make sure it has an appropriate `as` value and it is preloaded intentionally. @ https://markaicode.com/architecture/qdrant-vector-database-architecture/:0
