[     357ms] [ERROR] Failed to load resource: net::ERR_CONNECTION_REFUSED @ https://www.googletagmanager.com/gtag/js?id=G-73GKME3QL3:0
[     357ms] [ERROR] Failed to load resource: net::ERR_CONNECTION_REFUSED @ https://static.cloudflareinsights.com/beacon.min.js/v833ccba57c9e4d2798f2e76cebdd09a11778172276447:0
[     620ms] [LOG] Main.js loaded successfully @ https://markaicode.com/js/main.js:3
[     659ms] [LOG] Supabase client initialized @ https://markaicode.com/js/supabase-config.js:32
[     660ms] [WARNING] ML weights do not sum to 1.0: 0.71 @ https://markaicode.com/js/related-reading-config.js:183
[     672ms] [ERROR] Failed to load resource: net::ERR_CONNECTION_REFUSED @ https://securepubads.g.doubleclick.net/tag/js/gpt.js:0
[     675ms] [LOG] Auth state changed: INITIAL_SESSION null @ https://markaicode.com/js/supabase-config.js:55
[     891ms] [LOG] Search index loaded successfully: 6044 items @ https://markaicode.com/js/main.js:16
[    4932ms] [WARNING] The resource https://securepubads.g.doubleclick.net/tag/js/gpt.js was preloaded using link preload but not used within a few seconds from the window's load event. Please make sure it has an appropriate `as` value and it is preloaded intentionally. @ https://markaicode.com/architecture/qdrant-system-design-architecture-1049/:0
[    6286ms] [ERROR] Failed to load resource: net::ERR_CONNECTION_REFUSED @ https://api.receptivity.io/v1/prebid/1Pw320cuJVXnYuFXFZ0eoE11G/connector/rxConnector.js:0
[    6287ms] [ERROR] Failed to load resource: net::ERR_CONNECTION_REFUSED @ https://api.rlcdn.com/api/identity/envelope?pid=44:0
[    6287ms] [ERROR] Failed to load resource: net::ERR_CONNECTION_REFUSED @ https://match.adsrvr.org/track/rid?ttd_pid=sne7dew&fmt=json:0
[    6288ms] [ERROR] Failed to load resource: net::ERR_CONNECTION_REFUSED @ https://id5-sync.com/api/config/prebid:0
[    6288ms] [ERROR] Failed to load resource: net::ERR_CONNECTION_REFUSED @ https://gum.criteo.com/sid/json?origin=prebid&topUrl=https%3A%2F%2Fmarkaicode.com%2F&domain=markaicode.com&lsw=1&gpp=DBAA&gpp_sid=-1:0
[    6289ms] Uncaught (in promise) TypeError: Failed to fetch
    at o (https://scripts.journeymv.com/tags/3688/22cf30bd98d3a32ba2ec.min.js:1:99520)
    at j (https://scripts.journeymv.com/tags/7893/7aaaf16c5cbbb2664256.min.js:0:311941)
    at execute (https://scripts.journeymv.com/tags/7893/7aaaf16c5cbbb2664256.min.js:0:310910)
    at callback (https://scripts.journeymv.com/tags/7893/7aaaf16c5cbbb2664256.min.js:0:309869)
    at <anonymous> (https://scripts.journeymv.com/tags/7893/7aaaf16c5cbbb2664256.min.js:0:232974)
    at te (https://scripts.journeymv.com/tags/7893/7aaaf16c5cbbb2664256.min.js:0:232881)
    at <anonymous> (https://scripts.journeymv.com/tags/7893/7aaaf16c5cbbb2664256.min.js:0:246386)
    at <anonymous> (https://scripts.journeymv.com/tags/7893/7aaaf16c5cbbb2664256.min.js:0:246373)
    at <anonymous> (https://scripts.journeymv.com/tags/7893/7aaaf16c5cbbb2664256.min.js:0:246049)
[    6293ms] [ERROR] Failed to load resource: net::ERR_CONNECTION_REFUSED @ https://cdn.id5-sync.com/api/1.0/id5PrebidModule.js:0
[    6316ms] [WARNING] Timer 'Hints time' already exists @ https://scripts.journeymv.com/tags/iiqMatch/b966bc0af1418e4e991e.min.js:0
[    6316ms] [TIMEEND] Hints time: 2.0078125 ms @ https://scripts.journeymv.com/tags/iiqMatch/b966bc0af1418e4e991e.min.js:0
[    6317ms] [WARNING] Timer 'Hints time' does not exist @ https://scripts.journeymv.com/tags/iiqMatch/b966bc0af1418e4e991e.min.js:0
[    6324ms] [ERROR] Failed to load resource: net::ERR_CONNECTION_REFUSED @ https://sync.intentiq.com/profiles_engine/ProfilesEngineServlet?at=20&mi=10&secure=1&dpi=505173155&iiqidtype=2&iiqpcid=617ded31-2d19-4a2f-8c61-2af15d06cf1a&iiqpciddate=1780095928449&tsrnd=858_1780095928451&jsver=5.086&uh=%7B%220%22%3A%22%5C%22Not%2FA)Brand%5C%22%3Bv%3D%5C%2299%5C%22%2C%20%5C%22Chromium%5C%22%3Bv%3D%5C%22148%5C%22%22%2C%221%22%3A%22%3F0%22%2C%222%22%3A%22%5C%22Linux%5C%22%22%2C%223%22%3A%22%5C%22x86%5C%22%22%2C%224%22%3A%22%5C%2264%5C%22%22%2C%227%22%3A%22%3F0%22%2C%228%22%3A%22%5C%22Not%2FA)Brand%5C%22%3Bv%3D%5C%2299.0.0.0%5C%22%2C%20%5C%22Chromium%5C%22%3Bv%3D%5C%22148.0.7778.96%5C%22%22%7D:0
[    6324ms] [ERROR] Failed to load resource: net::ERR_CONNECTION_REFUSED @ https://sync.intentiq.com/profiles_engine/ProfilesEngineServlet?at=20&mi=10&secure=1&dpi=396660830&iiqidtype=2&iiqpcid=617ded31-2d19-4a2f-8c61-2af15d06cf1a&iiqpciddate=1780095928449&tsrnd=308_1780095928451&jsver=5.086&uh=%7B%220%22%3A%22%5C%22Not%2FA)Brand%5C%22%3Bv%3D%5C%2299%5C%22%2C%20%5C%22Chromium%5C%22%3Bv%3D%5C%22148%5C%22%22%2C%221%22%3A%22%3F0%22%2C%222%22%3A%22%5C%22Linux%5C%22%22%2C%223%22%3A%22%5C%22x86%5C%22%22%2C%224%22%3A%22%5C%2264%5C%22%22%2C%227%22%3A%22%3F0%22%2C%228%22%3A%22%5C%22Not%2FA)Brand%5C%22%3Bv%3D%5C%2299.0.0.0%5C%22%2C%20%5C%22Chromium%5C%22%3Bv%3D%5C%22148.0.7778.96%5C%22%22%7D:0
[    6349ms] [ERROR] Failed to load resource: net::ERR_CONNECTION_REFUSED @ https://cdn.id5-sync.com/api/1.0/id5-api.js:0
[    6364ms] [ERROR] Failed to load resource: net::ERR_CONNECTION_REFUSED @ https://api.intentiq.com/profiles_engine/ProfilesEngineServlet?at=39&mi=10&dpi=505173155&pt=17&dpn=1&jsver=6.15&iiqidtype=2&iiqpcid=617ded31-2d19-4a2f-8c61-2af15d06cf1a&iiqpciddate=1780095928449&jaesc=0&jafc=0&jaensc=0&iiqlocalstorageenabled=true&tsrnd=134_1780095928490&cttl=0&gpp=DBAA&gdpr_consent=undefined&gdpr=0&requestRtt=0&lastDataUpdateDate=0&testGroup=U&japbjs=true&japs=false&uh=%7B%220%22%3A%22%5C%22Not%2FA)Brand%5C%22%3Bv%3D%5C%2299%5C%22%2C%20%5C%22Chromium%5C%22%3Bv%3D%5C%22148%5C%22%22%2C%221%22%3A%22%3F0%22%2C%222%22%3A%22%5C%22Linux%5C%22%22%2C%223%22%3A%22%5C%22x86%5C%22%22%2C%224%22%3A%22%5C%2264%5C%22%22%2C%227%22%3A%22%3F0%22%2C%228%22%3A%22%5C%22Not%2FA)Brand%5C%22%3Bv%3D%5C%2299.0.0.0%5C%22%2C%20%5C%22Chromium%5C%22%3Bv%3D%5C%22148.0.7778.96%5C%22%22%7D&vrref=https%3A%2F%2Fmarkaicode.com:0
[    6377ms] [ERROR] Failed to load resource: net::ERR_CONNECTION_REFUSED @ https://sb.scorecardresearch.com/cs/27053452/beacon.js:0
[    6377ms] [ERROR] Failed to load resource: net::ERR_CONNECTION_REFUSED @ https://oa.openxcdn.net/esp.js:0
[    6377ms] [ERROR] Failed to load resource: net::ERR_CONNECTION_REFUSED @ https://socialcanvas-cdn.kargo.com/js/rh.min.js:0
[    6413ms] [ERROR] Failed to load resource: net::ERR_CONNECTION_REFUSED @ https://match.adsrvr.org/track/cmf/generic?ttd_pid=rsmir4h&ttd_puid=e25c292d-5bb2-11f1-8000-0123456789ab&ttd_tpi=1&rurl=https%3A%2F%2Fexchange.journeymv.com%2Fusersync%2Fredirect%3Fpartner%3Dthe_trade_desk%26uuid%3De25c292d-5bb2-11f1-8000-0123456789ab%26s2sVersion%3Dproduction%26partnerId%3D%25%25TDID%25%25:0
[    6419ms] [ERROR] Failed to load resource: net::ERR_CONNECTION_REFUSED @ https://ssp-sync.criteo.com/user-sync/redirect?profile=319&gpp=DBAA&gpp_sid=-1&redir=https%3A%2F%2Fexchange.journeymv.com%2Fusersync%2Fredirect%3Fpartner%3Dcriteo%26uuid%3De25c292d-5bb2-11f1-8000-0123456789ab%26s2sVersion%3Dproduction%26partnerId%3D%24%7BCRITEO_USER_ID%7D:0
[    6506ms] [ERROR] Failed to load resource: net::ERR_CONNECTION_REFUSED @ https://cdn.id5-sync.com/api/1.0/id5-api.js:0
[    6510ms] [ERROR] Failed to load resource: net::ERR_CONNECTION_REFUSED @ https://c.amazon-adsystem.com/bao-csm/aps-comm/aps_csm.js:0
[    6537ms] [ERROR] Failed to load resource: net::ERR_CONNECTION_REFUSED @ https://htlb.casalemedia.com/openrtb/pbjs?s=1072341:0
[    6538ms] [ERROR] Failed to load resource: net::ERR_CONNECTION_REFUSED @ https://tlx.3lift.com/header/auction?lib=prebid&v=11.11.0&referrer=https%3A%2F%2Fmarkaicode.com%2Farchitecture%2Fqdrant-system-design-architecture-1049%2F&tmax=2801:0
[    6545ms] [ERROR] Failed to load resource: net::ERR_CONNECTION_REFUSED @ https://hbopenbid.pubmatic.com/translator?source=prebid-client&gzip=1:0
[    6581ms] [ERROR] Failed to load resource: net::ERR_CONNECTION_REFUSED @ https://match.adsrvr.org/track/cmf/generic?ttd_pid=rsmir4h&ttd_puid=e25c2a4c-5bb2-11f1-8000-0123456789ab&ttd_tpi=1&rurl=https%3A%2F%2Fexchange.journeymv.com%2Fusersync%2Fredirect%3Fpartner%3Dthe_trade_desk%26uuid%3De25c2a4c-5bb2-11f1-8000-0123456789ab%26s2sVersion%3Dproduction%26partnerId%3D%25%25TDID%25%25:0
[    6581ms] [ERROR] Failed to load resource: net::ERR_CONNECTION_REFUSED @ https://ssp-sync.criteo.com/user-sync/redirect?profile=319&gpp=DBAA&gpp_sid=-1&redir=https%3A%2F%2Fexchange.journeymv.com%2Fusersync%2Fredirect%3Fpartner%3Dcriteo%26uuid%3De25c2a4c-5bb2-11f1-8000-0123456789ab%26s2sVersion%3Dproduction%26partnerId%3D%24%7BCRITEO_USER_ID%7D:0
[    6585ms] [ERROR] Failed to load resource: net::ERR_CONNECTION_REFUSED @ https://crb.kargo.com/api/v1/dsync/mediavine?exid=e25c2a4c-5bb2-11f1-8000-0123456789ab&us_privacy=&r=https%3A%2F%2Fexchange.journeymv.com%2Fusersync%2Fredirect%3Fpartner%3Dkargo%26uuid%3De25c2a4c-5bb2-11f1-8000-0123456789ab%26s2sVersion%3Dproduction%26partnerId%3D%24UID:0
[    6585ms] [ERROR] Failed to load resource: net::ERR_CONNECTION_REFUSED @ https://secure.adnxs.com/getuid?https://exchange.journeymv.com/usersync/redirect?partner=appnexus&uuid=e25c2a4c-5bb2-11f1-8000-0123456789ab&s2sVersion=production&partnerId=$UID:0
[    6627ms] [ERROR] Failed to load resource: net::ERR_CONNECTION_REFUSED @ https://u.openx.net/w/1.0/cm?gdpr=0&gdpr_consent=&id=29975467-6f1b-4e06-b545-920b22ea49b2&r=https%3A%2F%2Fcs.minutemedia-prebid.com%2Fcs%3Ffwrd%3D1%26aid%3D21477%26rid%3D0_mLjIccCp_mm%26id%3D:0
[    6627ms] [ERROR] Failed to load resource: net::ERR_CONNECTION_REFUSED @ https://eb2.3lift.com/getuid?cmp_cs=&gdpr=0&redir=https%3A%2F%2Fcs.minutemedia-prebid.com%2Fcs%3Ffwrd%3D1%26aid%3D21480%26rid%3DjE6oULlcCp_mm%26id%3D%24UID:0
[    6627ms] [ERROR] Failed to load resource: net::ERR_CONNECTION_REFUSED @ https://cs.emxdgt.com/um?gdpr=0&gdpr_consent=&redirect=https%3A%2F%2Fcs.minutemedia-prebid.com%2Fcs%3Ffwrd%3D1%26aid%3D21525%26id%3D%24UID:0
[    6628ms] [ERROR] Failed to load resource: net::ERR_CONNECTION_REFUSED @ https://ads.yieldmo.com/pbsync?gdpr=0&gdpr_consent=&is=mmed&redirectUri=https%3A%2F%2Fcs.minutemedia-prebid.com%2Fcs%3Ffwrd%3D1%26aid%3D21486%26rid%3DjE6oULlcCp_mm%26uid%3D%24UID&us_privacy=%5BUS_PRIVACY%5D:0
[    6628ms] [ERROR] Failed to load resource: net::ERR_CONNECTION_REFUSED @ https://sync.1rx.io/usersync2/rmpssp?sub=sportority:0
[    6628ms] [ERROR] Failed to load resource: net::ERR_CONNECTION_REFUSED @ https://ssbsync.smartadserver.com/api/sync?callerId=59&gdpr=0&gdpr_consent=:0
[    6630ms] [ERROR] Failed to load resource: net::ERR_CONNECTION_REFUSED @ https://rtb.mfadsrvr.com/sync?ssp=minutemedia:0
[    6631ms] [ERROR] Failed to load resource: net::ERR_CONNECTION_REFUSED @ https://match.sharethrough.com/universal/v1?gdpr=0&gdpr_consent=&supply_id=3r9HMldH:0
[    6632ms] [ERROR] Failed to load resource: net::ERR_CONNECTION_REFUSED @ https://cs.admanmedia.com/sync/minute_media?gdpr=0&gdpr_consent=&redir=https%3A%2F%2Fcs.minutemedia-prebid.com%2Fcs%3Ffwrd%3D1%26aid%3D21497%26puid%3D%5BUID%5D:0
[    6632ms] [ERROR] Failed to load resource: net::ERR_CONNECTION_REFUSED @ https://csync.loopme.me/?gdpr=0&gdpr_consent=&pubid=11555&redirect=https%3A%2F%2Fcs.minutemedia-prebid.com%2Fcs%3Ffwrd%3D1%26aid%3D21511%26id%3D%7Bdevice_id%7D:0
[    6634ms] [ERROR] Failed to load resource: net::ERR_CONNECTION_REFUSED @ https://sync.go.sonobi.com/us?consent_string=&gdpr=0&loc=https%3A%2F%2Fcs.minutemedia-prebid.com%2Fcs%3Ffwrd%3D1%26aid%3D21504%26uid%3D%5BUID%5D:0
[    6634ms] [ERROR] Failed to load resource: net::ERR_CONNECTION_REFUSED @ https://ap.lijit.com/pixel?gdpr=0&gdpr_consent=&redir=https%3A%2F%2Fcs.minutemedia-prebid.com%2Fcs%3Ffwrd%3D1%26aid%3D21488%26id%3D%24UID:0
[    6634ms] [ERROR] Failed to load resource: net::ERR_CONNECTION_REFUSED @ https://image8.pubmatic.com/AdServer/ImgSync?gdpr=0&gdpr_consent=&p=161683&pu=https%3A%2F%2Fcs.minutemedia-prebid.com%2Fcs%3Ffwrd%3D1%26aid%3D21482%26id%3D%23PMUID:0
[    6638ms] [ERROR] Failed to load resource: net::ERR_CONNECTION_REFUSED @ https://cs.media.net/cksync?cs=82&gdpr=%7BGDPR%7D&gdpr_consent=%7BGDPR_CONSENT%7D&redirect=https%3A%2F%2Fcs.minutemedia-prebid.com%2Fcs%3Ffwrd%3D1%26aid%3D21519%26id%3D%3Cvsid%3E&type=mim:0
[    6638ms] [ERROR] Failed to load resource: net::ERR_CONNECTION_REFUSED @ https://ssc-cms.33across.com/ps/?ri=0015a00002hdV5tAAE&ru=https%3A%2F%2Fcs.minutemedia-prebid.com%2Fcs%3Ffwrd%3D1%26aid%3D21485%26puid%3D33XUSERID33X:0
[    6638ms] [ERROR] Failed to load resource: net::ERR_CONNECTION_REFUSED @ https://secure.adnxs.com/getuid?https%3A%2F%2Fcs.minutemedia-prebid.com%2Fcs%3Ffwrd%3D1%26aid%3D21484%26id%3D%24UID&gdpr=0&gdpr_consent=:0
[    6627ms] [ERROR] Failed to load resource: net::ERR_CONNECTION_REFUSED @ https://u.openx.net/w/1.0/cm?gdpr=0&gdpr_consent=&id=29975467-6f1b-4e06-b545-920b22ea49b2&r=https%3A%2F%2Fcs.minutemedia-prebid.com%2Fcs%3Ffwrd%3D1%26aid%3D21477%26rid%3D0_mLjIccCp_mm%26id%3D:0
[    6627ms] [ERROR] Failed to load resource: net::ERR_CONNECTION_REFUSED @ https://eb2.3lift.com/getuid?cmp_cs=&gdpr=0&redir=https%3A%2F%2Fcs.minutemedia-prebid.com%2Fcs%3Ffwrd%3D1%26aid%3D21480%26rid%3DjE6oULlcCp_mm%26id%3D%24UID:0
[    6627ms] [ERROR] Failed to load resource: net::ERR_CONNECTION_REFUSED @ https://cs.emxdgt.com/um?gdpr=0&gdpr_consent=&redirect=https%3A%2F%2Fcs.minutemedia-prebid.com%2Fcs%3Ffwrd%3D1%26aid%3D21525%26id%3D%24UID:0
[    6628ms] [ERROR] Failed to load resource: net::ERR_CONNECTION_REFUSED @ https://ads.yieldmo.com/pbsync?gdpr=0&gdpr_consent=&is=mmed&redirectUri=https%3A%2F%2Fcs.minutemedia-prebid.com%2Fcs%3Ffwrd%3D1%26aid%3D21486%26rid%3DjE6oULlcCp_mm%26uid%3D%24UID&us_privacy=%5BUS_PRIVACY%5D:0
[    6628ms] [ERROR] Failed to load resource: net::ERR_CONNECTION_REFUSED @ https://sync.1rx.io/usersync2/rmpssp?sub=sportority:0
[    6628ms] [ERROR] Failed to load resource: net::ERR_CONNECTION_REFUSED @ https://ssbsync.smartadserver.com/api/sync?callerId=59&gdpr=0&gdpr_consent=:0
[    6630ms] [ERROR] Failed to load resource: net::ERR_CONNECTION_REFUSED @ https://rtb.mfadsrvr.com/sync?ssp=minutemedia:0
[    6631ms] [ERROR] Failed to load resource: net::ERR_CONNECTION_REFUSED @ https://match.sharethrough.com/universal/v1?gdpr=0&gdpr_consent=&supply_id=3r9HMldH:0
[    6632ms] [ERROR] Failed to load resource: net::ERR_CONNECTION_REFUSED @ https://cs.admanmedia.com/sync/minute_media?gdpr=0&gdpr_consent=&redir=https%3A%2F%2Fcs.minutemedia-prebid.com%2Fcs%3Ffwrd%3D1%26aid%3D21497%26puid%3D%5BUID%5D:0
[    6632ms] [ERROR] Failed to load resource: net::ERR_CONNECTION_REFUSED @ https://csync.loopme.me/?gdpr=0&gdpr_consent=&pubid=11555&redirect=https%3A%2F%2Fcs.minutemedia-prebid.com%2Fcs%3Ffwrd%3D1%26aid%3D21511%26id%3D%7Bdevice_id%7D:0
[    6634ms] [ERROR] Failed to load resource: net::ERR_CONNECTION_REFUSED @ https://sync.go.sonobi.com/us?consent_string=&gdpr=0&loc=https%3A%2F%2Fcs.minutemedia-prebid.com%2Fcs%3Ffwrd%3D1%26aid%3D21504%26uid%3D%5BUID%5D:0
[    6634ms] [ERROR] Failed to load resource: net::ERR_CONNECTION_REFUSED @ https://ap.lijit.com/pixel?gdpr=0&gdpr_consent=&redir=https%3A%2F%2Fcs.minutemedia-prebid.com%2Fcs%3Ffwrd%3D1%26aid%3D21488%26id%3D%24UID:0
[    6634ms] [ERROR] Failed to load resource: net::ERR_CONNECTION_REFUSED @ https://image8.pubmatic.com/AdServer/ImgSync?gdpr=0&gdpr_consent=&p=161683&pu=https%3A%2F%2Fcs.minutemedia-prebid.com%2Fcs%3Ffwrd%3D1%26aid%3D21482%26id%3D%23PMUID:0
[    6638ms] [ERROR] Failed to load resource: net::ERR_CONNECTION_REFUSED @ https://cs.media.net/cksync?cs=82&gdpr=%7BGDPR%7D&gdpr_consent=%7BGDPR_CONSENT%7D&redirect=https%3A%2F%2Fcs.minutemedia-prebid.com%2Fcs%3Ffwrd%3D1%26aid%3D21519%26id%3D%3Cvsid%3E&type=mim:0
[    6638ms] [ERROR] Failed to load resource: net::ERR_CONNECTION_REFUSED @ https://ssc-cms.33across.com/ps/?ri=0015a00002hdV5tAAE&ru=https%3A%2F%2Fcs.minutemedia-prebid.com%2Fcs%3Ffwrd%3D1%26aid%3D21485%26puid%3D33XUSERID33X:0
[    6638ms] [ERROR] Failed to load resource: net::ERR_CONNECTION_REFUSED @ https://secure.adnxs.com/getuid?https%3A%2F%2Fcs.minutemedia-prebid.com%2Fcs%3Ffwrd%3D1%26aid%3D21484%26id%3D%24UID&gdpr=0&gdpr_consent=:0
[    6694ms] [ERROR] Failed to load resource: net::ERR_CONNECTION_REFUSED @ https://ssbsync.smartadserver.com/api/sync?callerId=59&gdpr=0&gdpr_consent=:0
[    6694ms] [ERROR] Failed to load resource: net::ERR_CONNECTION_REFUSED @ https://image8.pubmatic.com/AdServer/ImgSync?gdpr=0&gdpr_consent=&p=161683&pu=https%3A%2F%2Fcs.minutemedia-prebid.com%2Fcs%3Ffwrd%3D1%26aid%3D21482%26id%3D%23PMUID:0
[    6696ms] [ERROR] Failed to load resource: net::ERR_CONNECTION_REFUSED @ https://ap.lijit.com/pixel?gdpr=0&gdpr_consent=&redir=https%3A%2F%2Fcs.minutemedia-prebid.com%2Fcs%3Ffwrd%3D1%26aid%3D21488%26id%3D%24UID:0
[    6697ms] [ERROR] Failed to load resource: net::ERR_CONNECTION_REFUSED @ https://cs.media.net/cksync?cs=82&gdpr=%7BGDPR%7D&gdpr_consent=%7BGDPR_CONSENT%7D&redirect=https%3A%2F%2Fcs.minutemedia-prebid.com%2Fcs%3Ffwrd%3D1%26aid%3D21519%26id%3D%3Cvsid%3E&type=mim:0
[    6697ms] [ERROR] Failed to load resource: net::ERR_CONNECTION_REFUSED @ https://eb2.3lift.com/getuid?cmp_cs=&gdpr=0&redir=https%3A%2F%2Fcs.minutemedia-prebid.com%2Fcs%3Ffwrd%3D1%26aid%3D21480%26rid%3DjE6oULlcCp_mm%26id%3D%24UID:0
[    6697ms] [ERROR] Failed to load resource: net::ERR_CONNECTION_REFUSED @ https://cs.emxdgt.com/um?gdpr=0&gdpr_consent=&redirect=https%3A%2F%2Fcs.minutemedia-prebid.com%2Fcs%3Ffwrd%3D1%26aid%3D21525%26id%3D%24UID:0
[    6697ms] [ERROR] Failed to load resource: net::ERR_CONNECTION_REFUSED @ https://ssc-cms.33across.com/ps/?ri=0015a00002hdV5tAAE&ru=https%3A%2F%2Fcs.minutemedia-prebid.com%2Fcs%3Ffwrd%3D1%26aid%3D21485%26puid%3D33XUSERID33X:0
[    6697ms] [ERROR] Failed to load resource: net::ERR_CONNECTION_REFUSED @ https://secure.adnxs.com/getuid?https%3A%2F%2Fcs.minutemedia-prebid.com%2Fcs%3Ffwrd%3D1%26aid%3D21484%26id%3D%24UID&gdpr=0&gdpr_consent=:0
[    6697ms] [ERROR] Failed to load resource: net::ERR_CONNECTION_REFUSED @ https://sync.go.sonobi.com/us?consent_string=&gdpr=0&loc=https%3A%2F%2Fcs.minutemedia-prebid.com%2Fcs%3Ffwrd%3D1%26aid%3D21504%26uid%3D%5BUID%5D:0
[    6698ms] [ERROR] Failed to load resource: net::ERR_CONNECTION_REFUSED @ https://rtb.mfadsrvr.com/sync?ssp=minutemedia:0
[    6698ms] [ERROR] Failed to load resource: net::ERR_CONNECTION_REFUSED @ https://cs.admanmedia.com/sync/minute_media?gdpr=0&gdpr_consent=&redir=https%3A%2F%2Fcs.minutemedia-prebid.com%2Fcs%3Ffwrd%3D1%26aid%3D21497%26puid%3D%5BUID%5D:0
[    6698ms] [ERROR] Failed to load resource: net::ERR_CONNECTION_REFUSED @ https://match.sharethrough.com/universal/v1?gdpr=0&gdpr_consent=&supply_id=3r9HMldH:0
[    6699ms] [ERROR] Failed to load resource: net::ERR_CONNECTION_REFUSED @ https://ads.yieldmo.com/pbsync?gdpr=0&gdpr_consent=&is=mmed&redirectUri=https%3A%2F%2Fcs.minutemedia-prebid.com%2Fcs%3Ffwrd%3D1%26aid%3D21486%26rid%3DjE6oULlcCp_mm%26uid%3D%24UID&us_privacy=%5BUS_PRIVACY%5D:0
[    6699ms] [ERROR] Failed to load resource: net::ERR_CONNECTION_REFUSED @ https://csync.loopme.me/?gdpr=0&gdpr_consent=&pubid=11556&redirect=https%3A%2F%2Fcs.minutemedia-prebid.com%2Fcs%3Ffwrd%3D1%26aid%3D21511%26id%3D%7Bdevice_id%7D:0
[    6699ms] [ERROR] Failed to load resource: net::ERR_CONNECTION_REFUSED @ https://sync.1rx.io/usersync2/rmpssp?sub=sportority:0
[    6699ms] [ERROR] Failed to load resource: net::ERR_CONNECTION_REFUSED @ https://u.openx.net/w/1.0/cm?gdpr=0&gdpr_consent=&id=29975467-6f1b-4e06-b545-920b22ea49b2&r=https%3A%2F%2Fcs.minutemedia-prebid.com%2Fcs%3Ffwrd%3D1%26aid%3D21477%26rid%3D0_mLjIccCp_mm%26id%3D:0
[    6766ms] [ERROR] Failed to load resource: net::ERR_CONNECTION_REFUSED @ https://cs.admanmedia.com/77bb8e39d66271fda1db01d45766b9d9.gif?puid=%5BUID%5D&redir=https%3A%2F%2Fcs-server-s2s.yellowblue.io%2Fcs%3Ffwrd%3D1%26aid%3D11559%26id%3D%5BUID%5D%26gdpr%3D%5BGDPR%5D%26gdpr_consent%3D%5BUSER_CONSENT%5D:0
[    6766ms] [ERROR] Failed to load resource: net::ERR_CONNECTION_REFUSED @ https://secure.adnxs.com/getuid?https%3A%2F%2Fcs-server-s2s.yellowblue.io%2Fcs%3Ffwrd%3D1%26aid%3D11596%26id%3D%24UID&gdpr=0&gdpr_consent=:0
[    6766ms] [ERROR] Failed to load resource: net::ERR_CONNECTION_REFUSED @ https://ssp-sync.criteo.com/user-sync/redirect?gdpr=0&gdpr_consent=&profile=342&redir=https%3A%2F%2Fcs-server-s2s.yellowblue.io%2Fcs%3Ffwrd%3D1%26aid%3D11614%26id%3D%24%7BCRITEO_USER_ID%7D:0
[    6766ms] [ERROR] Failed to load resource: net::ERR_CONNECTION_REFUSED @ https://eb2.3lift.com/getuid?cmp_cs=&gdpr=0&redir=https%3A%2F%2Fcs-server-s2s.yellowblue.io%2Fcs%3Ffwrd%3D1%26aid%3D11602%26rid%3Da26BURlckp_s%26id%3D%24UID:0
[    6766ms] [ERROR] Failed to load resource: net::ERR_CONNECTION_REFUSED @ https://ssc-cms.33across.com/ps/?ri=0015a00002hdV5tAAE&ru=https%3A%2F%2Fcs-server-s2s.yellowblue.io%2Fcs%3Ffwrd%3D1%26aid%3D11580%26puid%3D33XUSERID33X:0
[    6766ms] [ERROR] Failed to load resource: net::ERR_CONNECTION_REFUSED @ https://match.sharethrough.com/universal/v1?gdpr=0&gdpr_consent=&supply_id=5926d422:0
[    6767ms] [ERROR] Failed to load resource: net::ERR_CONNECTION_REFUSED @ https://bh.contextweb.com/bh/rtset?ev=1&gdpr=0&gdpr_consent=&pid=562615&rurl=https%3A%2F%2Fcs-server-s2s.yellowblue.io%2Fcs%3Ffwrd%3D1%26aid%3D11592%26uid%3D%25%25VGUID%25%25&us_privacy=%5BUS_PRIVACY%5D:0
[    6767ms] [ERROR] Failed to load resource: net::ERR_CONNECTION_REFUSED @ https://sync.go.sonobi.com/us?consent_string=&gdpr=0&loc=https%3A%2F%2Fcs-server-s2s.yellowblue.io%2Fcs%3Ffwrd%3D1%26aid%3D115667%26uid%3D%5BUID%5D:0
[    6767ms] [ERROR] Failed to load resource: net::ERR_CONNECTION_REFUSED @ https://ssbsync-global.smartadserver.com/api/sync?callerId=5&gdpr=0&gdpr_consent=&redirectUri=https%3A%2F%2Fcs-server-s2s.yellowblue.io%2Fcs%3Ffwrd%3D1%26aid%3D11600%26uid%3D%5Bssb_sync_pid%5D&us_privacy=%5BUS_PRIVACY%5D:0
[    6767ms] [ERROR] Failed to load resource: net::ERR_CONNECTION_REFUSED @ https://ads.yieldmo.com/pbsync?gdpr=0&gdpr_consent=&is=rise&redirectUri=https%3A%2F%2Fcs-server-s2s.yellowblue.io%2Fcs%3Ffwrd%3D1%26aid%3D11584%26uid%3D%24UID&us_privacy=:0
[    6768ms] [ERROR] Failed to load resource: net::ERR_CONNECTION_REFUSED @ https://s.ad.smaato.net/c/?adExInit=rise&gdpr=0&gdpr_consent=&redir=https%3A%2F%2Fcs-server-s2s.yellowblue.io%2Fcs%3Ffwrd%3D1%26aid%3D11574%26id%3D%24UID:0
[    6768ms] [ERROR] Failed to load resource: net::ERR_CONNECTION_REFUSED @ https://sync.1rx.io/usersync2/rmphb?gdpr=0&gdpr_consent=&redir=https%3A%2F%2Fcs-server-s2s.yellowblue.io%2Fcs%3Ffwrd%3D1%26aid%3D11599%26uid%3D%5BRX_UUID%5D&us_privacy=%5BUS_PRIVACY%5D:0
[    6768ms] [ERROR] Failed to load resource: net::ERR_CONNECTION_REFUSED @ https://csync.loopme.me/?gdpr=0&gdpr_consent=&pubid=11362&redirect=https%3A%2F%2Fcs-server-s2s.yellowblue.io%2Fcs%3Ffwrd%3D1%26aid%3D11571%26id%3D%7Bdevice_id%7D:0
[    6768ms] [ERROR] Failed to load resource: net::ERR_CONNECTION_REFUSED @ https://rtb.mfadsrvr.com/sync?gdpr=0&gdpr_consent=&redir=https%3A%2F%2Fcs-server-s2s.yellowblue.io%2Fcs%3Ffwrd%3D1%26aid%3D11611%26uid%3D%24%7BUUID%7D&ssp=rise:0
[    6768ms] [ERROR] Failed to load resource: net::ERR_CONNECTION_REFUSED @ https://prebid-match.dotomi.com/match/bounce/current?gdpr=0&gdpr_consent=&networkId=72582&rurl=https%3A%2F%2Fcs-server-s2s.yellowblue.io%2Fcs%3Ffwrd%3D1%26aid%3D11617%26uid%3D&us_privacy=%5BUS_PRIVACY%5D&version=1:0
[    6771ms] [ERROR] Failed to load resource: net::ERR_CONNECTION_REFUSED @ https://jadserve.postrelease.com/suid/102050?gdpr=0&gdpr_consent=&ntv_r=https%3A%2F%2Fcs-server-s2s.yellowblue.io%2Fcs%3Ffwrd%3D1%26aid%3D11618%26id%3DNTV_USER_ID:0
[    6771ms] [ERROR] Failed to load resource: net::ERR_CONNECTION_REFUSED @ https://rtb.openx.net/sync/prebid?gdpr=0&gdpr_consent=&r=https%3A%2F%2Fcs-server-s2s.yellowblue.io%2Fcs%3Ffwrd%3D1%26aid%3D11563%26uid%3D%24%7BUID%7D:0
[    6773ms] [ERROR] Failed to load resource: net::ERR_CONNECTION_REFUSED @ https://cm.adform.net/cookie?redirect_url=https%3A%2F%2Fcs-server-s2s.yellowblue.io%2Fcs%3Ffwrd%3D1%26aid%3D11606%26gdpr%3D%5BGDPR%5D%26gdpr_consent%3D%5BUSER_CONSENT%5D%26uid%3D%24UID:0
[    6773ms] [ERROR] Failed to load resource: net::ERR_CONNECTION_REFUSED @ https://creativecdn.com/cm-notify?pi=rise:0
[    6810ms] [ERROR] Failed to load resource: net::ERR_CONNECTION_REFUSED @ https://contextual.media.net/cksync.php?cs=25&gdpr=0&gdpr_consent=&ovsid=%7B%7BAPID%7D%7D&redirect=https%3A%2F%2Fcs-server-s2s.yellowblue.io%2Fcs%3Ffwrd%3D1%26aid%3D11585%26id%3D%3Cvsid%3E&type=ris:0
[    6817ms] [ERROR] Failed to load resource: net::ERR_CONNECTION_REFUSED @ https://static.cloudflareinsights.com/beacon.min.js/v833ccba57c9e4d2798f2e76cebdd09a11778172276447:0
[    6844ms] [ERROR] Failed to load resource: net::ERR_CONNECTION_REFUSED @ https://sync.1rx.io/usersync2/rmpssp?sub=zeta&gdpr=0&gdpr_consent=&us_privacy=&redir=https%3A%2F%2Fssp.disqus.com%2Fmatch%3Fbidder%3D37%26buyeruid%3D%5BRX_UUID%5D%26r%3DCid1YS05NjU1NGE1OS00MWZkLTMwNjgtOTI2MS05Y2FmMzQ3MjJhZTgqYGh0dHBzOi8vY3MubWludXRlbWVkaWEtcHJlYmlkLmNvbS9jcz9md3JkPTEmYWlkPTIxNDk1JmlkPXVhLTk2NTU0YTU5LTQxZmQtMzA2OC05MjYxLTljYWYzNDcyMmFlODICJQw4AQ==:0
[    6923ms] [ERROR] Failed to load resource: net::ERR_CONNECTION_REFUSED @ https://ssp-sync.criteo.com/user-sync/redirect?profile=342&gdpr=0&gdpr_consent=&redir=https%3A%2F%2Fmeasureadv.com%2FuserBackIframe%3Fuid%3D%24%7BCRITEO_USER_ID%7D%26p%3D5:0
[    6923ms] [ERROR] Failed to load resource: net::ERR_CONNECTION_REFUSED @ https://ssbsync.smartadserver.com/api/sync?callerId=75&gdpr=0&gdpr_consent=&redirectUri=https%3A%2F%2Fmeasureadv.com%2FuserBackIframe%3Fuid%3D%5Bssb_sync_pid%5D%26p%3D6:0
[    6923ms] [ERROR] Failed to load resource: net::ERR_CONNECTION_REFUSED @ https://cs.media.net/cksync?cs=146&gdpr=0&gdpr_consent=&type=vid&redirect=https%3A%2F%2Fmeasureadv.com%2FuserBackIframe%3Fuid%3D%3Cvsid%3E%26p%3D8:0
[    6923ms] [ERROR] Failed to load resource: net::ERR_CONNECTION_REFUSED @ https://rtb.openx.net/sync/prebid?gdpr=0&gdpr_consent=&r=https%3A%2F%2Fmeasureadv.com%2FuserBackIframe%3Fuid%3D%24%7BUID%7D%26p%3D9:0
[    6923ms] [ERROR] Failed to load resource: net::ERR_CONNECTION_REFUSED @ https://sync.1rx.io/usersync2/rmpssp?sub=seven:0
[    6924ms] [ERROR] Failed to load resource: net::ERR_CONNECTION_REFUSED @ https://image8.pubmatic.com/AdServer/ImgSync?p=161018&gdpr=0&gdpr_consent=&pu=https%3A%2F%2Fimage4.pubmatic.com%2FAdServer%2FSPug%3Fp%3D161018%26pmc%3DPM_PMC%26pr%3Dhttps%253A%252F%252Fmeasureadv.com%252FuserBackIframe%253Fuid%253D%2523PMUID%2526p%253D13:0
[    6925ms] [ERROR] Failed to load resource: net::ERR_CONNECTION_REFUSED @ https://ib.adnxs.com/getuid?https%3A%2F%2Fmeasureadv.com%2FuserBackIframe%3Fuid%3D%24UID%26p%3D7:0
[    6927ms] [ERROR] Failed to load resource: net::ERR_CONNECTION_REFUSED @ https://ad.360yield.com/server_match?partner_id=1805&gdpr=0&gdpr_consent=&r=https%3A%2F%2Fmeasureadv.com%2FuserBackIframe%3Fuid%3D%7BPUB_USER_ID%7D%26p%3D3:0
[    6927ms] [ERROR] Failed to load resource: net::ERR_CONNECTION_REFUSED @ https://x.bidswitch.net/sync?ssp=videoheroes&user_id=11c7dc8d-21d1-5f4d-85c5-8918d8a69ad6&gdpr=0&gdpr_consent=:0
[    6928ms] [ERROR] Failed to load resource: net::ERR_CONNECTION_REFUSED @ https://cs.admanmedia.com/45f6616f8301569fb3628edffa5edae8.gif?gdpr=0&gdpr_consent=&ccpa=&coppa=&gpp=&gpp_sid=&redir=https%3A%2F%2Fssp.disqus.com%2Fmatch%3Fbidder%3D47%26r%3DCid1YS05NjU1NGE1OS00MWZkLTMwNjgtOTI2MS05Y2FmMzQ3MjJhZTgqYGh0dHBzOi8vY3MubWludXRlbWVkaWEtcHJlYmlkLmNvbS9jcz9md3JkPTEmYWlkPTIxNDk1JmlkPXVhLTk2NTU0YTU5LTQxZmQtMzA2OC05MjYxLTljYWYzNDcyMmFlODICLyU4AQ==%26buyeruid%3D%5BUID%5D:0
[    6928ms] [ERROR] Failed to load resource: net::ERR_CONNECTION_REFUSED @ https://c1.adform.net/cookie?redirect_url=https%3A%2F%2Fmeasureadv.com%2FuserBackIframe%3Fuid%3D%24UID%26p%3D11:0
[    6627ms] [ERROR] Failed to load resource: net::ERR_CONNECTION_REFUSED @ https://u.openx.net/w/1.0/cm?gdpr=0&gdpr_consent=&id=29975467-6f1b-4e06-b545-920b22ea49b2&r=https%3A%2F%2Fcs.minutemedia-prebid.com%2Fcs%3Ffwrd%3D1%26aid%3D21477%26rid%3D0_mLjIccCp_mm%26id%3D:0
[    6627ms] [ERROR] Failed to load resource: net::ERR_CONNECTION_REFUSED @ https://eb2.3lift.com/getuid?cmp_cs=&gdpr=0&redir=https%3A%2F%2Fcs.minutemedia-prebid.com%2Fcs%3Ffwrd%3D1%26aid%3D21480%26rid%3DjE6oULlcCp_mm%26id%3D%24UID:0
[    6627ms] [ERROR] Failed to load resource: net::ERR_CONNECTION_REFUSED @ https://cs.emxdgt.com/um?gdpr=0&gdpr_consent=&redirect=https%3A%2F%2Fcs.minutemedia-prebid.com%2Fcs%3Ffwrd%3D1%26aid%3D21525%26id%3D%24UID:0
[    6628ms] [ERROR] Failed to load resource: net::ERR_CONNECTION_REFUSED @ https://ads.yieldmo.com/pbsync?gdpr=0&gdpr_consent=&is=mmed&redirectUri=https%3A%2F%2Fcs.minutemedia-prebid.com%2Fcs%3Ffwrd%3D1%26aid%3D21486%26rid%3DjE6oULlcCp_mm%26uid%3D%24UID&us_privacy=%5BUS_PRIVACY%5D:0
[    6628ms] [ERROR] Failed to load resource: net::ERR_CONNECTION_REFUSED @ https://sync.1rx.io/usersync2/rmpssp?sub=sportority:0
[    6628ms] [ERROR] Failed to load resource: net::ERR_CONNECTION_REFUSED @ https://ssbsync.smartadserver.com/api/sync?callerId=59&gdpr=0&gdpr_consent=:0
[    6630ms] [ERROR] Failed to load resource: net::ERR_CONNECTION_REFUSED @ https://rtb.mfadsrvr.com/sync?ssp=minutemedia:0
[    6631ms] [ERROR] Failed to load resource: net::ERR_CONNECTION_REFUSED @ https://match.sharethrough.com/universal/v1?gdpr=0&gdpr_consent=&supply_id=3r9HMldH:0
[    6632ms] [ERROR] Failed to load resource: net::ERR_CONNECTION_REFUSED @ https://cs.admanmedia.com/sync/minute_media?gdpr=0&gdpr_consent=&redir=https%3A%2F%2Fcs.minutemedia-prebid.com%2Fcs%3Ffwrd%3D1%26aid%3D21497%26puid%3D%5BUID%5D:0
[    6632ms] [ERROR] Failed to load resource: net::ERR_CONNECTION_REFUSED @ https://csync.loopme.me/?gdpr=0&gdpr_consent=&pubid=11555&redirect=https%3A%2F%2Fcs.minutemedia-prebid.com%2Fcs%3Ffwrd%3D1%26aid%3D21511%26id%3D%7Bdevice_id%7D:0
[    6634ms] [ERROR] Failed to load resource: net::ERR_CONNECTION_REFUSED @ https://sync.go.sonobi.com/us?consent_string=&gdpr=0&loc=https%3A%2F%2Fcs.minutemedia-prebid.com%2Fcs%3Ffwrd%3D1%26aid%3D21504%26uid%3D%5BUID%5D:0
[    6634ms] [ERROR] Failed to load resource: net::ERR_CONNECTION_REFUSED @ https://ap.lijit.com/pixel?gdpr=0&gdpr_consent=&redir=https%3A%2F%2Fcs.minutemedia-prebid.com%2Fcs%3Ffwrd%3D1%26aid%3D21488%26id%3D%24UID:0
[    6634ms] [ERROR] Failed to load resource: net::ERR_CONNECTION_REFUSED @ https://image8.pubmatic.com/AdServer/ImgSync?gdpr=0&gdpr_consent=&p=161683&pu=https%3A%2F%2Fcs.minutemedia-prebid.com%2Fcs%3Ffwrd%3D1%26aid%3D21482%26id%3D%23PMUID:0
[    6638ms] [ERROR] Failed to load resource: net::ERR_CONNECTION_REFUSED @ https://cs.media.net/cksync?cs=82&gdpr=%7BGDPR%7D&gdpr_consent=%7BGDPR_CONSENT%7D&redirect=https%3A%2F%2Fcs.minutemedia-prebid.com%2Fcs%3Ffwrd%3D1%26aid%3D21519%26id%3D%3Cvsid%3E&type=mim:0
[    6638ms] [ERROR] Failed to load resource: net::ERR_CONNECTION_REFUSED @ https://ssc-cms.33across.com/ps/?ri=0015a00002hdV5tAAE&ru=https%3A%2F%2Fcs.minutemedia-prebid.com%2Fcs%3Ffwrd%3D1%26aid%3D21485%26puid%3D33XUSERID33X:0
[    6638ms] [ERROR] Failed to load resource: net::ERR_CONNECTION_REFUSED @ https://secure.adnxs.com/getuid?https%3A%2F%2Fcs.minutemedia-prebid.com%2Fcs%3Ffwrd%3D1%26aid%3D21484%26id%3D%24UID&gdpr=0&gdpr_consent=:0
[    6694ms] [ERROR] Failed to load resource: net::ERR_CONNECTION_REFUSED @ https://ssbsync.smartadserver.com/api/sync?callerId=59&gdpr=0&gdpr_consent=:0
[    6694ms] [ERROR] Failed to load resource: net::ERR_CONNECTION_REFUSED @ https://image8.pubmatic.com/AdServer/ImgSync?gdpr=0&gdpr_consent=&p=161683&pu=https%3A%2F%2Fcs.minutemedia-prebid.com%2Fcs%3Ffwrd%3D1%26aid%3D21482%26id%3D%23PMUID:0
[    6696ms] [ERROR] Failed to load resource: net::ERR_CONNECTION_REFUSED @ https://ap.lijit.com/pixel?gdpr=0&gdpr_consent=&redir=https%3A%2F%2Fcs.minutemedia-prebid.com%2Fcs%3Ffwrd%3D1%26aid%3D21488%26id%3D%24UID:0
[    6697ms] [ERROR] Failed to load resource: net::ERR_CONNECTION_REFUSED @ https://cs.media.net/cksync?cs=82&gdpr=%7BGDPR%7D&gdpr_consent=%7BGDPR_CONSENT%7D&redirect=https%3A%2F%2Fcs.minutemedia-prebid.com%2Fcs%3Ffwrd%3D1%26aid%3D21519%26id%3D%3Cvsid%3E&type=mim:0
[    6697ms] [ERROR] Failed to load resource: net::ERR_CONNECTION_REFUSED @ https://eb2.3lift.com/getuid?cmp_cs=&gdpr=0&redir=https%3A%2F%2Fcs.minutemedia-prebid.com%2Fcs%3Ffwrd%3D1%26aid%3D21480%26rid%3DjE6oULlcCp_mm%26id%3D%24UID:0
[    6697ms] [ERROR] Failed to load resource: net::ERR_CONNECTION_REFUSED @ https://cs.emxdgt.com/um?gdpr=0&gdpr_consent=&redirect=https%3A%2F%2Fcs.minutemedia-prebid.com%2Fcs%3Ffwrd%3D1%26aid%3D21525%26id%3D%24UID:0
[    6697ms] [ERROR] Failed to load resource: net::ERR_CONNECTION_REFUSED @ https://ssc-cms.33across.com/ps/?ri=0015a00002hdV5tAAE&ru=https%3A%2F%2Fcs.minutemedia-prebid.com%2Fcs%3Ffwrd%3D1%26aid%3D21485%26puid%3D33XUSERID33X:0
[    6697ms] [ERROR] Failed to load resource: net::ERR_CONNECTION_REFUSED @ https://secure.adnxs.com/getuid?https%3A%2F%2Fcs.minutemedia-prebid.com%2Fcs%3Ffwrd%3D1%26aid%3D21484%26id%3D%24UID&gdpr=0&gdpr_consent=:0
[    6697ms] [ERROR] Failed to load resource: net::ERR_CONNECTION_REFUSED @ https://sync.go.sonobi.com/us?consent_string=&gdpr=0&loc=https%3A%2F%2Fcs.minutemedia-prebid.com%2Fcs%3Ffwrd%3D1%26aid%3D21504%26uid%3D%5BUID%5D:0
[    6698ms] [ERROR] Failed to load resource: net::ERR_CONNECTION_REFUSED @ https://rtb.mfadsrvr.com/sync?ssp=minutemedia:0
[    6698ms] [ERROR] Failed to load resource: net::ERR_CONNECTION_REFUSED @ https://cs.admanmedia.com/sync/minute_media?gdpr=0&gdpr_consent=&redir=https%3A%2F%2Fcs.minutemedia-prebid.com%2Fcs%3Ffwrd%3D1%26aid%3D21497%26puid%3D%5BUID%5D:0
[    6698ms] [ERROR] Failed to load resource: net::ERR_CONNECTION_REFUSED @ https://match.sharethrough.com/universal/v1?gdpr=0&gdpr_consent=&supply_id=3r9HMldH:0
[    6699ms] [ERROR] Failed to load resource: net::ERR_CONNECTION_REFUSED @ https://ads.yieldmo.com/pbsync?gdpr=0&gdpr_consent=&is=mmed&redirectUri=https%3A%2F%2Fcs.minutemedia-prebid.com%2Fcs%3Ffwrd%3D1%26aid%3D21486%26rid%3DjE6oULlcCp_mm%26uid%3D%24UID&us_privacy=%5BUS_PRIVACY%5D:0
[    6699ms] [ERROR] Failed to load resource: net::ERR_CONNECTION_REFUSED @ https://csync.loopme.me/?gdpr=0&gdpr_consent=&pubid=11556&redirect=https%3A%2F%2Fcs.minutemedia-prebid.com%2Fcs%3Ffwrd%3D1%26aid%3D21511%26id%3D%7Bdevice_id%7D:0
[    6699ms] [ERROR] Failed to load resource: net::ERR_CONNECTION_REFUSED @ https://sync.1rx.io/usersync2/rmpssp?sub=sportority:0
[    6699ms] [ERROR] Failed to load resource: net::ERR_CONNECTION_REFUSED @ https://u.openx.net/w/1.0/cm?gdpr=0&gdpr_consent=&id=29975467-6f1b-4e06-b545-920b22ea49b2&r=https%3A%2F%2Fcs.minutemedia-prebid.com%2Fcs%3Ffwrd%3D1%26aid%3D21477%26rid%3D0_mLjIccCp_mm%26id%3D:0
[    6844ms] [ERROR] Failed to load resource: net::ERR_CONNECTION_REFUSED @ https://sync.1rx.io/usersync2/rmpssp?sub=zeta&gdpr=0&gdpr_consent=&us_privacy=&redir=https%3A%2F%2Fssp.disqus.com%2Fmatch%3Fbidder%3D37%26buyeruid%3D%5BRX_UUID%5D%26r%3DCid1YS05NjU1NGE1OS00MWZkLTMwNjgtOTI2MS05Y2FmMzQ3MjJhZTgqYGh0dHBzOi8vY3MubWludXRlbWVkaWEtcHJlYmlkLmNvbS9jcz9md3JkPTEmYWlkPTIxNDk1JmlkPXVhLTk2NTU0YTU5LTQxZmQtMzA2OC05MjYxLTljYWYzNDcyMmFlODICJQw4AQ==:0
[    6928ms] [ERROR] Failed to load resource: net::ERR_CONNECTION_REFUSED @ https://cs.admanmedia.com/45f6616f8301569fb3628edffa5edae8.gif?gdpr=0&gdpr_consent=&ccpa=&coppa=&gpp=&gpp_sid=&redir=https%3A%2F%2Fssp.disqus.com%2Fmatch%3Fbidder%3D47%26r%3DCid1YS05NjU1NGE1OS00MWZkLTMwNjgtOTI2MS05Y2FmMzQ3MjJhZTgqYGh0dHBzOi8vY3MubWludXRlbWVkaWEtcHJlYmlkLmNvbS9jcz9md3JkPTEmYWlkPTIxNDk1JmlkPXVhLTk2NTU0YTU5LTQxZmQtMzA2OC05MjYxLTljYWYzNDcyMmFlODICLyU4AQ==%26buyeruid%3D%5BUID%5D:0
[    6998ms] [ERROR] Failed to load resource: net::ERR_CONNECTION_REFUSED @ https://cs.emxdgt.com/um?gdpr=0&gdpr_consent=&redirect=https%3A%2F%2Fcs.minutemedia-prebid.com%2Fcs%3Ffwrd%3D1%26aid%3D21525%26id%3D%24UID:0
[    7001ms] [ERROR] Failed to load resource: net::ERR_CONNECTION_REFUSED @ https://image8.pubmatic.com/AdServer/ImgSync?gdpr=0&gdpr_consent=&p=161683&pu=https%3A%2F%2Fcs.minutemedia-prebid.com%2Fcs%3Ffwrd%3D1%26aid%3D21482%26id%3D%23PMUID:0
[    7002ms] [ERROR] Failed to load resource: net::ERR_CONNECTION_REFUSED @ https://secure.adnxs.com/getuid?https%3A%2F%2Fcs.minutemedia-prebid.com%2Fcs%3Ffwrd%3D1%26aid%3D21484%26id%3D%24UID&gdpr=0&gdpr_consent=:0
[    7002ms] [ERROR] Failed to load resource: net::ERR_CONNECTION_REFUSED @ https://cs.admanmedia.com/sync/minute_media?gdpr=0&gdpr_consent=&redir=https%3A%2F%2Fcs.minutemedia-prebid.com%2Fcs%3Ffwrd%3D1%26aid%3D21497%26puid%3D%5BUID%5D:0
[    7002ms] [ERROR] Failed to load resource: net::ERR_CONNECTION_REFUSED @ https://ssbsync.smartadserver.com/api/sync?callerId=59&gdpr=0&gdpr_consent=:0
[    7002ms] [ERROR] Failed to load resource: net::ERR_CONNECTION_REFUSED @ https://match.sharethrough.com/universal/v1?gdpr=0&gdpr_consent=&supply_id=3r9HMldH:0
[    7002ms] [ERROR] Failed to load resource: net::ERR_CONNECTION_REFUSED @ https://cs.media.net/cksync?cs=82&gdpr=%7BGDPR%7D&gdpr_consent=%7BGDPR_CONSENT%7D&redirect=https%3A%2F%2Fcs.minutemedia-prebid.com%2Fcs%3Ffwrd%3D1%26aid%3D21519%26id%3D%3Cvsid%3E&type=mim:0
[    7002ms] [ERROR] Failed to load resource: net::ERR_CONNECTION_REFUSED @ https://eb2.3lift.com/getuid?cmp_cs=&gdpr=0&redir=https%3A%2F%2Fcs.minutemedia-prebid.com%2Fcs%3Ffwrd%3D1%26aid%3D21480%26rid%3DjE6oULlcCp_mm%26id%3D%24UID:0
[    7002ms] [ERROR] Failed to load resource: net::ERR_CONNECTION_REFUSED @ https://ap.lijit.com/pixel?gdpr=0&gdpr_consent=&redir=https%3A%2F%2Fcs.minutemedia-prebid.com%2Fcs%3Ffwrd%3D1%26aid%3D21488%26id%3D%24UID:0
[    7002ms] [ERROR] Failed to load resource: net::ERR_CONNECTION_REFUSED @ https://ads.yieldmo.com/pbsync?gdpr=0&gdpr_consent=&is=mmed&redirectUri=https%3A%2F%2Fcs.minutemedia-prebid.com%2Fcs%3Ffwrd%3D1%26aid%3D21486%26rid%3DjE6oULlcCp_mm%26uid%3D%24UID&us_privacy=%5BUS_PRIVACY%5D:0
[    7003ms] [ERROR] Failed to load resource: net::ERR_CONNECTION_REFUSED @ https://sync.go.sonobi.com/us?consent_string=&gdpr=0&loc=https%3A%2F%2Fcs.minutemedia-prebid.com%2Fcs%3Ffwrd%3D1%26aid%3D21504%26uid%3D%5BUID%5D:0
[    7004ms] [ERROR] Failed to load resource: net::ERR_CONNECTION_REFUSED @ https://csync.loopme.me/?gdpr=0&gdpr_consent=&pubid=11556&redirect=https%3A%2F%2Fcs.minutemedia-prebid.com%2Fcs%3Ffwrd%3D1%26aid%3D21511%26id%3D%7Bdevice_id%7D:0
[    7004ms] [ERROR] Failed to load resource: net::ERR_CONNECTION_REFUSED @ https://sync.1rx.io/usersync2/rmpssp?sub=sportority:0
[    7005ms] [ERROR] Failed to load resource: net::ERR_CONNECTION_REFUSED @ https://u.openx.net/w/1.0/cm?gdpr=0&gdpr_consent=&id=29975467-6f1b-4e06-b545-920b22ea49b2&r=https%3A%2F%2Fcs.minutemedia-prebid.com%2Fcs%3Ffwrd%3D1%26aid%3D21477%26rid%3D0_mLjIccCp_mm%26id%3D:0
[    7005ms] [ERROR] Failed to load resource: net::ERR_CONNECTION_REFUSED @ https://ssc-cms.33across.com/ps/?ri=0015a00002hdV5tAAE&ru=https%3A%2F%2Fcs.minutemedia-prebid.com%2Fcs%3Ffwrd%3D1%26aid%3D21485%26puid%3D33XUSERID33X:0
[    7005ms] [ERROR] Failed to load resource: net::ERR_CONNECTION_REFUSED @ https://rtb.mfadsrvr.com/sync?ssp=minutemedia:0
[    7031ms] [ERROR] Failed to load resource: net::ERR_CONNECTION_REFUSED @ https://sync.adkernel.com/user-sync?zone=176971&t=image&gdpr=0&gdpr_consent=&us_privacy=&r=https%3A%2F%2Fssp.disqus.com%2Fmatch%3Fbidder%3D27%26buyeruid%3D%7BUID%7D%26r%3DCid1YS05NjU1NGE1OS00MWZkLTMwNjgtOTI2MS05Y2FmMzQ3MjJhZTgqYGh0dHBzOi8vY3MubWludXRlbWVkaWEtcHJlYmlkLmNvbS9jcz9md3JkPTEmYWlkPTIxNDk1JmlkPXVhLTk2NTU0YTU5LTQxZmQtMzA2OC05MjYxLTljYWYzNDcyMmFlODICGwE4AQ==:0
[    7100ms] [ERROR] Failed to load resource: net::ERR_CONNECTION_REFUSED @ https://sync.kueezrtb.com/api/user/image/62ce79e7dd15099534ae5e04?redirect=https%3A%2F%2Fsync.pmbmonetize.live%2Fpsync%3Ft%3Dd%26e%3D146%26u%3D%24%7BuserId%7D%26clp%3DaHR0cHM6Ly9tZWFzdXJlYWR2LmNvbS91c2VyQmFja0lmcmFtZT91aWQ9JVVTRVJfSUQlJnA9MQ:0
[    7218ms] [ERROR] Failed to load resource: net::ERR_CONNECTION_REFUSED @ https://alocdn.com/c/vn3d8u2u/a/xtarget/p.json:0
[    7415ms] [ERROR] Failed to load resource: net::ERR_CONNECTION_REFUSED @ https://match.adsrvr.org/track/rid?ttd_pid=sne7dew&fmt=json:0
[    7416ms] [ERROR] Failed to load resource: net::ERR_CONNECTION_REFUSED @ https://id5-sync.com/api/config/prebid:0
[    7416ms] [ERROR] Failed to load resource: net::ERR_CONNECTION_REFUSED @ https://gum.criteo.com/sid/json?origin=prebid&topUrl=https%3A%2F%2Fmarkaicode.com%2F&domain=markaicode.com&lsw=1&gpp=DBAA&gpp_sid=-1:0
[    7417ms] Uncaught (in promise) TypeError: Failed to fetch
    at o (https://scripts.journeymv.com/tags/3688/22cf30bd98d3a32ba2ec.min.js:1:99520)
    at j (https://scripts.journeymv.com/tags/7893/7aaaf16c5cbbb2664256.min.js:0:311941)
    at execute (https://scripts.journeymv.com/tags/7893/7aaaf16c5cbbb2664256.min.js:0:310910)
    at callback (https://scripts.journeymv.com/tags/7893/7aaaf16c5cbbb2664256.min.js:0:309869)
    at <anonymous> (https://scripts.journeymv.com/tags/7893/7aaaf16c5cbbb2664256.min.js:0:232974)
    at te (https://scripts.journeymv.com/tags/7893/7aaaf16c5cbbb2664256.min.js:0:232881)
    at <anonymous> (https://scripts.journeymv.com/tags/7893/7aaaf16c5cbbb2664256.min.js:0:246848)
    at <anonymous> (https://scripts.journeymv.com/tags/7893/7aaaf16c5cbbb2664256.min.js:0:246835)
    at <anonymous> (https://scripts.journeymv.com/tags/7893/7aaaf16c5cbbb2664256.min.js:0:246049)
[    7825ms] [ERROR] Failed to load resource: net::ERR_CONNECTION_REFUSED @ https://rtb.mfadsrvr.com/sync?ssp=trustx:0
[    7825ms] [ERROR] Failed to load resource: net::ERR_CONNECTION_REFUSED @ https://x.bidswitch.net/sync?ssp=trustx&user_id=7b731106-7b40-42a9-a54e-a17b51b464fd:0
[    7830ms] [ERROR] Failed to load resource: net::ERR_CONNECTION_REFUSED @ https://match.adsrvr.org/track/cmf/generic?ttd_tpi=1&ttd_pid=q4jldgr:0
[    7830ms] [ERROR] Failed to load resource: net::ERR_CONNECTION_REFUSED @ https://match.adsrvr.org/track/cmf/generic?ttd_tpi=1&ttd_pid=lewrkpm:0
[    7969ms] [ERROR] Failed to load resource: net::ERR_CONNECTION_REFUSED @ https://rtb.mfadsrvr.com/sync?ssp=trustx:0
[    7969ms] [ERROR] Failed to load resource: net::ERR_CONNECTION_REFUSED @ https://x.bidswitch.net/sync?ssp=trustx&user_id=2cdb6a09-b886-4ec2-82d6-0a80b336f015:0
[    7969ms] [ERROR] Failed to load resource: net::ERR_CONNECTION_REFUSED @ https://match.adsrvr.org/track/cmf/generic?ttd_tpi=1&ttd_pid=lewrkpm:0
[    7969ms] [ERROR] Failed to load resource: net::ERR_CONNECTION_REFUSED @ https://match.adsrvr.org/track/cmf/generic?ttd_tpi=1&ttd_pid=q4jldgr:0
[   13167ms] [WARNING] The resource https://securepubads.g.doubleclick.net/tag/js/gpt.js was preloaded using link preload but not used within a few seconds from the window's load event. Please make sure it has an appropriate `as` value and it is preloaded intentionally. @ https://markaicode.com/architecture/qdrant-system-design-architecture-1049/:0
