[     941ms] [LOG] 
%c            #############        #############
%c           ####         ##      ####         ##
%c          ##  ##         ##    ##  ##         ##
%c         ##    ##         ##  ##    ##         ##
%c        ##      ##         ####      ##         ##
%c       ##        #############        ##         ##
%c      ##        ##         ####        ##         ##
%c     ##        ##         ##  ##        ##         ##
%c    ##        ##         ##    ##        ##         ##
%c   ##        ##         ##      ##        ##         ##
%c  ##        ##         ##        ##        ##         ##
%c ##        ##         ##          ##        #############
%c  ##      ##         ##            ##      ##         ##
%c   ##    ##         ##              ##    ##         ##
%c    ##  ##         ##                ##  ##         ##
%c     ####         ##                  ####         ##
%c      #############                    #############
%c
%c                        modal.jobs
 color:#000000; font-family: monospace; color:#000000; font-family: monospace; color:#000000; font-family: monospace; color:#000000; font-family: monospace; color:#000000; font-family: monospace; color:#000000; font-family: monospace; color:#000000; font-family: monospace; color:#000000; font-family: monospace; color:#000000; font-family: monospace; color:#000000; font-family: monospace; color:#000000; font-family: monospace; color:#000000; font-family: monospace; color:#000000; font-family: monospace; color:#000000; font-family: monospace; color:#000000; font-family: monospace; color:#000000; font-family: monospace; color:#000000; font-family: monospace; color:#000000; font-family: monospace; color:#000000; font-family: monospace; @ https://modal.com/_app/immutable/entry/app.BLYktU3p.js:1
[     963ms] [ERROR] Failed to load resource: net::ERR_CONNECTION_REFUSED @ https://cdn.segment.com/v1/projects/adVkYFLBEV3XP82TZeK7mTcJKBLfbUIH/settings:0
[     964ms] [ERROR] Failed to fetch (cdn.segment.com) @ https://modal.com/_app/immutable/entry/app.BLYktU3p.js:1
