[     367ms] [ERROR] Failed to load resource: the server responded with a status of 404 () @ https://www.forbes.com/sites/siladityaray/2025/10/21/agent-harnesses-the-next-generation-of-ai-orchestration/:0
[     566ms] [WARNING] A preload for 'https://i.forbesimg.com/assets/fonts/Schnyder/Schnyder-SDemi-Web.woff2' is found, but is not used because the request credentials mode does not match. Consider taking a look at crossorigin attribute. @ https://www.forbes.com/sites/siladityaray/2025/10/21/agent-harnesses-the-next-generation-of-ai-orchestration/:69
[     566ms] [WARNING] A preload for 'https://i.forbesimg.com/assets/fonts/Graphik/Graphik-Regular-Web.woff2' is found, but is not used because the request credentials mode does not match. Consider taking a look at crossorigin attribute. @ https://www.forbes.com/sites/siladityaray/2025/10/21/agent-harnesses-the-next-generation-of-ai-orchestration/:69
[     566ms] [WARNING] A preload for 'https://i.forbesimg.com/assets/fonts/Schnyder/Schnyder-SDemi-Web.woff2' is found, but is not used because the request credentials mode does not match. Consider taking a look at crossorigin attribute. @ https://www.forbes.com/sites/siladityaray/2025/10/21/agent-harnesses-the-next-generation-of-ai-orchestration/:69
[     566ms] [WARNING] A preload for 'https://i.forbesimg.com/assets/fonts/Graphik/Graphik-Regular-Web.woff2' is found, but is not used because the request credentials mode does not match. Consider taking a look at crossorigin attribute. @ https://www.forbes.com/sites/siladityaray/2025/10/21/agent-harnesses-the-next-generation-of-ai-orchestration/:69
[     566ms] [WARNING] A preload for 'https://i.forbesimg.com/assets/fonts/Schnyder/Schnyder-SDemi-Web.woff2' is found, but is not used because the request credentials mode does not match. Consider taking a look at crossorigin attribute. @ https://www.forbes.com/sites/siladityaray/2025/10/21/agent-harnesses-the-next-generation-of-ai-orchestration/:69
[     566ms] [WARNING] A preload for 'https://i.forbesimg.com/assets/fonts/Graphik/Graphik-Regular-Web.woff2' is found, but is not used because the request credentials mode does not match. Consider taking a look at crossorigin attribute. @ https://www.forbes.com/sites/siladityaray/2025/10/21/agent-harnesses-the-next-generation-of-ai-orchestration/:69
[     567ms] [WARNING] A preload for 'https://i.forbesimg.com/assets/fonts/Graphik/Graphik-Regular-Web.woff2' is found, but is not used because the request credentials mode does not match. Consider taking a look at crossorigin attribute. @ https://www.forbes.com/sites/siladityaray/2025/10/21/agent-harnesses-the-next-generation-of-ai-orchestration/:69
[     567ms] [WARNING] A preload for 'https://i.forbesimg.com/assets/fonts/Schnyder/Schnyder-SDemi-Web.woff2' is found, but is not used because the request credentials mode does not match. Consider taking a look at crossorigin attribute. @ https://www.forbes.com/sites/siladityaray/2025/10/21/agent-harnesses-the-next-generation-of-ai-orchestration/:69
[     830ms] [ERROR] Failed to load resource: net::ERR_CONNECTION_REFUSED @ https://cdn.speedcurve.com/js/lux.js?id=22432108:0
[     889ms] [ERROR] Failed to load resource: net::ERR_CONNECTION_REFUSED @ https://geolocation.forbes.com/json/:0
[     889ms] [ERROR] Geolocation fetch error:  TypeError: Failed to fetch
    at https://i.forbesimg.com/simple-site/dist/js/nextJS-47cb3e1a9fd111006444.js:2:219180
    at 8753 (https://i.forbesimg.com/simple-site/dist/js/nextJS-47cb3e1a9fd111006444.js:2:219996)
    at __webpack_require__ (https://i.forbesimg.com/simple-site/dist/js/nextJS-47cb3e1a9fd111006444.js:2:309184)
    at 19187 (https://i.forbesimg.com/simple-site/dist/js/nextJS-47cb3e1a9fd111006444.js:2:188541)
    at __webpack_require__ (https://i.forbesimg.com/simple-site/dist/js/nextJS-47cb3e1a9fd111006444.js:2:309184)
    at https://i.forbesimg.com/simple-site/dist/js/nextJS-47cb3e1a9fd111006444.js:2:310911
    at https://i.forbesimg.com/simple-site/dist/js/nextJS-47cb3e1a9fd111006444.js:2:311240 @ https://i.forbesimg.com/simple-site/dist/js/nextJS-47cb3e1a9fd111006444.js:1
[     890ms] [ERROR] Geolocation fetch error:  TypeError: Failed to fetch
    at https://i.forbesimg.com/simple-site/dist/js/nextJS-47cb3e1a9fd111006444.js:2:219180
    at 8753 (https://i.forbesimg.com/simple-site/dist/js/nextJS-47cb3e1a9fd111006444.js:2:219996)
    at __webpack_require__ (https://i.forbesimg.com/simple-site/dist/js/nextJS-47cb3e1a9fd111006444.js:2:309184)
    at 19187 (https://i.forbesimg.com/simple-site/dist/js/nextJS-47cb3e1a9fd111006444.js:2:188541)
    at __webpack_require__ (https://i.forbesimg.com/simple-site/dist/js/nextJS-47cb3e1a9fd111006444.js:2:309184)
    at https://i.forbesimg.com/simple-site/dist/js/nextJS-47cb3e1a9fd111006444.js:2:310911
    at https://i.forbesimg.com/simple-site/dist/js/nextJS-47cb3e1a9fd111006444.js:2:311240 @ https://i.forbesimg.com/simple-site/dist/js/nextJS-47cb3e1a9fd111006444.js:1
[     908ms] [ERROR] Failed to load resource: net::ERR_CONNECTION_REFUSED @ https://geolocation.forbes.com/json/:0
[     908ms] [ERROR] Geolocation fetch error: TypeError: Failed to fetch
    at P.<anonymous> (https://i.forbesimg.com/simple-site/dist/js/nextJS-47cb3e1a9fd111006444.js:2:11016)
    at Generator.next (<anonymous>)
    at https://i.forbesimg.com/simple-site/dist/js/nextJS-47cb3e1a9fd111006444.js:2:9861
    at new Promise (<anonymous>)
    at A (https://i.forbesimg.com/simple-site/dist/js/nextJS-47cb3e1a9fd111006444.js:2:9609)
    at P.userIsInExcludedCountryFetch (https://i.forbesimg.com/simple-site/dist/js/nextJS-47cb3e1a9fd111006444.js:2:10976)
    at P.<anonymous> (https://i.forbesimg.com/simple-site/dist/js/nextJS-47cb3e1a9fd111006444.js:2:11982)
    at Generator.next (<anonymous>)
    at s (https://i.forbesimg.com/simple-site/dist/js/nextJS-47cb3e1a9fd111006444.js:2:9665) @ https://i.forbesimg.com/simple-site/dist/js/nextJS-47cb3e1a9fd111006444.js:1
[     908ms] [ERROR] Failed to load resource: net::ERR_CONNECTION_REFUSED @ https://warp.media.net/js/tags/clientag.js?cid=8CU4ZAPFY&dn=www.forbes.com&version=1:0
[     910ms] [ERROR] Failed to load resource: net::ERR_CONNECTION_REFUSED @ https://fuse.forbes.com/fuse/c9d0e10350524038da77c395fb508051f8f?channel=404&section=errorpage&nid=&topic=&profile=&asset=:0
[     910ms] [ERROR] Fuse Segment Error: TypeError: Failed to fetch
    at https://i.forbesimg.com/simple-site/dist/js/nextJS-47cb3e1a9fd111006444.js:2:190821 @ https://i.forbesimg.com/simple-site/dist/js/nextJS-47cb3e1a9fd111006444.js:1
[     919ms] [ERROR] Failed to load resource: net::ERR_CONNECTION_REFUSED @ https://vi.ml314.com/get?eid=50061&tk=sykDcPW1eBz09sUvMFxZoRHVMwdQVYsDGLWIVHi2fGVg3d&fp=:0
[     923ms] [ERROR] Failed to load resource: net::ERR_CONNECTION_REFUSED @ https://static.criteo.net/js/ld/publishertag.js:0
[     923ms] [ERROR] Failed to load resource: net::ERR_CONNECTION_REFUSED @ https://securepubads.g.doubleclick.net/tag/js/gpt.js:0
[     935ms] [ERROR] Failed to load resource: net::ERR_CONNECTION_REFUSED @ https://pub.doubleverify.com/dvtag/30290112/DV1428832/pub.js:0
[     935ms] [ERROR] Failed to load resource: net::ERR_CONNECTION_REFUSED @ https://cdn.adsafeprotected.com/iasPET.1.js:0
[     935ms] [ERROR] Failed to load resource: net::ERR_CONNECTION_REFUSED @ https://cdn.p-n.io/pushly-sdk.min.js?domain_key=qmhdz0KFKfsfhQQeCP5Js1NFta1P8jkwbf05:0
[     935ms] [ERROR] Failed to load resource: net::ERR_CONNECTION_REFUSED @ https://www.googletagmanager.com/gtm.js?id=GTM-NMQJM4:0
[    1027ms] [ERROR] Failed to load resource: the server responded with a status of 401 () @ https://www.forbes.com/blaize/account:0
[    1027ms] [ERROR] Failed to load resource: the server responded with a status of 401 () @ https://www.forbes.com/blaize/profile:0
[    1044ms] [LOG] Error fetching Zephr user information! @ https://i.forbesimg.com/simple-site/dist/js/nextJS-47cb3e1a9fd111006444.js:1
[    1116ms] [WARNING] Amazon APS script loaded. @ https://i.forbesimg.com/simple-site/dist/js/nextJS-47cb3e1a9fd111006444.js:1
[    1121ms] [ERROR] Failed to load resource: net::ERR_CONNECTION_REFUSED @ https://c.amazon-adsystem.com/bao-csm/aps-comm/aps_csm.js:0
[    1238ms] [WARNING] A preload for 'https://i.forbesimg.com/assets/fonts/Graphik/Graphik-Regular-Web.woff2' is found, but is not used because the request credentials mode does not match. Consider taking a look at crossorigin attribute. @ https://www.forbes.com/sites/siladityaray/2025/10/21/agent-harnesses-the-next-generation-of-ai-orchestration/:0
[    1238ms] [WARNING] A preload for 'https://i.forbesimg.com/assets/fonts/Schnyder/Schnyder-SDemi-Web.woff2' is found, but is not used because the request credentials mode does not match. Consider taking a look at crossorigin attribute. @ https://www.forbes.com/sites/siladityaray/2025/10/21/agent-harnesses-the-next-generation-of-ai-orchestration/:0
[    1239ms] [WARNING] A preload for 'https://i.forbesimg.com/assets/fonts/Graphik/Graphik-Regular-Web.woff2' is found, but is not used because the request credentials mode does not match. Consider taking a look at crossorigin attribute. @ https://www.forbes.com/sites/siladityaray/2025/10/21/agent-harnesses-the-next-generation-of-ai-orchestration/:0
[    1239ms] [WARNING] A preload for 'https://i.forbesimg.com/assets/fonts/Schnyder/Schnyder-SDemi-Web.woff2' is found, but is not used because the request credentials mode does not match. Consider taking a look at crossorigin attribute. @ https://www.forbes.com/sites/siladityaray/2025/10/21/agent-harnesses-the-next-generation-of-ai-orchestration/:0
[    1239ms] [WARNING] A preload for 'https://i.forbesimg.com/assets/fonts/Graphik/Graphik-Regular-Web.woff2' is found, but is not used because the request credentials mode does not match. Consider taking a look at crossorigin attribute. @ https://www.forbes.com/sites/siladityaray/2025/10/21/agent-harnesses-the-next-generation-of-ai-orchestration/:0
[    1239ms] [WARNING] A preload for 'https://i.forbesimg.com/assets/fonts/Schnyder/Schnyder-SDemi-Web.woff2' is found, but is not used because the request credentials mode does not match. Consider taking a look at crossorigin attribute. @ https://www.forbes.com/sites/siladityaray/2025/10/21/agent-harnesses-the-next-generation-of-ai-orchestration/:0
[    1239ms] [WARNING] A preload for 'https://i.forbesimg.com/assets/fonts/Graphik/Graphik-Regular-Web.woff2' is found, but is not used because the request credentials mode does not match. Consider taking a look at crossorigin attribute. @ https://www.forbes.com/sites/siladityaray/2025/10/21/agent-harnesses-the-next-generation-of-ai-orchestration/:0
[    1239ms] [WARNING] A preload for 'https://i.forbesimg.com/assets/fonts/Schnyder/Schnyder-SDemi-Web.woff2' is found, but is not used because the request credentials mode does not match. Consider taking a look at crossorigin attribute. @ https://www.forbes.com/sites/siladityaray/2025/10/21/agent-harnesses-the-next-generation-of-ai-orchestration/:0
[    1239ms] [WARNING] A preload for 'https://i.forbesimg.com/assets/fonts/Schnyder/Schnyder-SDemi-Web.woff2' is found, but is not used because the request credentials mode does not match. Consider taking a look at crossorigin attribute. @ https://www.forbes.com/sites/siladityaray/2025/10/21/agent-harnesses-the-next-generation-of-ai-orchestration/:0
[    1239ms] [WARNING] A preload for 'https://i.forbesimg.com/assets/fonts/Graphik/Graphik-Regular-Web.woff2' is found, but is not used because the request credentials mode does not match. Consider taking a look at crossorigin attribute. @ https://www.forbes.com/sites/siladityaray/2025/10/21/agent-harnesses-the-next-generation-of-ai-orchestration/:0
[    1339ms] [ERROR] Failed to load resource: the server responded with a status of 401 () @ https://www.forbes.com/blaize/profile/savedArticles:0
[    2557ms] [WARNING] A preload for 'https://i.forbesimg.com/assets/fonts/Graphik/Graphik-Regular-Web.woff2' is found, but is not used because the request credentials mode does not match. Consider taking a look at crossorigin attribute. @ https://www.forbes.com/sites/siladityaray/2025/10/21/agent-harnesses-the-next-generation-of-ai-orchestration/:0
[    2557ms] [WARNING] A preload for 'https://i.forbesimg.com/assets/fonts/Schnyder/Schnyder-SDemi-Web.woff2' is found, but is not used because the request credentials mode does not match. Consider taking a look at crossorigin attribute. @ https://www.forbes.com/sites/siladityaray/2025/10/21/agent-harnesses-the-next-generation-of-ai-orchestration/:0
[    2557ms] [WARNING] A preload for 'https://i.forbesimg.com/assets/fonts/Graphik/Graphik-Regular-Web.woff2' is found, but is not used because the request credentials mode does not match. Consider taking a look at crossorigin attribute. @ https://www.forbes.com/sites/siladityaray/2025/10/21/agent-harnesses-the-next-generation-of-ai-orchestration/:0
[    2557ms] [WARNING] A preload for 'https://i.forbesimg.com/assets/fonts/Schnyder/Schnyder-SDemi-Web.woff2' is found, but is not used because the request credentials mode does not match. Consider taking a look at crossorigin attribute. @ https://www.forbes.com/sites/siladityaray/2025/10/21/agent-harnesses-the-next-generation-of-ai-orchestration/:0
[    2558ms] [WARNING] A preload for 'https://i.forbesimg.com/assets/fonts/Graphik/Graphik-Regular-Web.woff2' is found, but is not used because the request credentials mode does not match. Consider taking a look at crossorigin attribute. @ https://www.forbes.com/sites/siladityaray/2025/10/21/agent-harnesses-the-next-generation-of-ai-orchestration/:0
[    2558ms] [WARNING] A preload for 'https://i.forbesimg.com/assets/fonts/Schnyder/Schnyder-SDemi-Web.woff2' is found, but is not used because the request credentials mode does not match. Consider taking a look at crossorigin attribute. @ https://www.forbes.com/sites/siladityaray/2025/10/21/agent-harnesses-the-next-generation-of-ai-orchestration/:0
[    2558ms] [WARNING] A preload for 'https://i.forbesimg.com/assets/fonts/Schnyder/Schnyder-SDemi-Web.woff2' is found, but is not used because the request credentials mode does not match. Consider taking a look at crossorigin attribute. @ https://www.forbes.com/sites/siladityaray/2025/10/21/agent-harnesses-the-next-generation-of-ai-orchestration/:0
[    2558ms] [WARNING] A preload for 'https://i.forbesimg.com/assets/fonts/Graphik/Graphik-Regular-Web.woff2' is found, but is not used because the request credentials mode does not match. Consider taking a look at crossorigin attribute. @ https://www.forbes.com/sites/siladityaray/2025/10/21/agent-harnesses-the-next-generation-of-ai-orchestration/:0
[    2632ms] [ERROR] Failed to load resource: net::ERR_CONNECTION_REFUSED @ https://entitlements.jwplayer.com/WcUZLBfcEfGC+oJFl5eBrg.json:0
[    2765ms] [ERROR] Failed to load resource: net::ERR_CONNECTION_REFUSED @ https://prd.jwpltx.com/v1/jwplayer6/ping.gif?h=1748753909&e=e&n=9448215572113006&aid=WcUZLBfcEfGC%2BoJFl5eBrg&amp=0&at=1&c=-1&ccp=0&cp=1&d=0&eb=1&ed=6&eid=nrwdu118&emi=dbenlz1bd84y&i=0&id=H3pZK12u&idp=AYJlY1In&lid=m6l6rt1yjeyi&lsa=read&mt=0&pbd=1&pbr=1&pei=1529ilh1&pgi=8zz5mm10h0ye&ph=1&pid=DEFAULT0&pii=0&pl=0&plc=1&pli=kz0bxcoy33f6&pp=hlsjs&ppm=VOD&prc=1&ps=0&pss=1&pt=404&pu=https%3A%2F%2Fwww.forbes.com%2Fsites%2Fsiladityaray%2F2025%2F10%2F21%2Fagent-harnesses-the-next-generation-of-ai-orchestration%2F&pv=8.48.3&pyc=0&s=0&sdk=0&so=w7RixW5H&stc=1&stpe=0&t=BRIEF-2026-05-29-MORNING&tv=4.0.14&vb=0&vi=0&vl=90&wd=0&ab=0&cae=0&cb=0&cdid=player-2&cme=0&dd=1&flc=0&fv=&ga=0&lng=en&mk=hls&mu=https%3A%2F%2Fcdn.jwplayer.com%2Fmanifests%2FH3pZK12u.m3u8&pbc=0&pd=2&pdr=&plng=en&plt=2200&pni=0&po=0&pogt=404&sp=0&st=130&sa=1780093836665:0
[    2812ms] [ERROR] Failed to load resource: net::ERR_CONNECTION_REFUSED @ https://assets-jpcust.jwpsrv.com/thumbnails/generic/audio-720.jpg:0
[    5978ms] [WARNING] The resource https://i.forbesimg.com/assets/fonts/Schnyder/Schnyder-SDemi-Web.woff2 was preloaded using link preload but not used within a few seconds from the window's load event. Please make sure it has an appropriate `as` value and it is preloaded intentionally. @ https://www.forbes.com/sites/siladityaray/2025/10/21/agent-harnesses-the-next-generation-of-ai-orchestration/:0
[    5978ms] [WARNING] The resource https://i.forbesimg.com/assets/fonts/Highlander/Highlander-Bold.woff2 was preloaded using link preload but not used within a few seconds from the window's load event. Please make sure it has an appropriate `as` value and it is preloaded intentionally. @ https://www.forbes.com/sites/siladityaray/2025/10/21/agent-harnesses-the-next-generation-of-ai-orchestration/:0
[    5978ms] [WARNING] The resource https://i.forbesimg.com/assets/fonts/Graphik/Graphik-Regular-Web.woff2 was preloaded using link preload but not used within a few seconds from the window's load event. Please make sure it has an appropriate `as` value and it is preloaded intentionally. @ https://www.forbes.com/sites/siladityaray/2025/10/21/agent-harnesses-the-next-generation-of-ai-orchestration/:0
