[     414ms] [ERROR] Failed to load resource: net::ERR_CONNECTION_REFUSED @ https://dpm.demdex.net/id?d_visid_ver=4.4.0&d_fieldgroup=MC&d_rtbd=json&d_ver=2&d_orgid=7742037254C95E840A4C98A6%40AdobeOrg&d_nsid=0&ts=1780094721830:0
[     543ms] [ERROR] Failed to load resource: net::ERR_CONNECTION_REFUSED @ https://dpm.demdex.net/id?d_visid_ver=4.4.0&d_fieldgroup=AAM&d_rtbd=json&d_ver=2&d_orgid=7742037254C95E840A4C98A6%40AdobeOrg&d_nsid=0&d_mid=69652461849483167132899530308369343416&ts=1780094721960:0
[     543ms] [ERROR] Failed to load resource: net::ERR_CONNECTION_REFUSED @ https://fls-na.amazon.com/1/action-impressions/1/OE/aws-mktg/action/awsm_v3_:perf_domainLookupEnd@v=64:u=ms/awsm_v3_:perf_responseStart@v=167:u=ms/awsm_v3_:perf_responseEnd@v=187:u=ms?dataset=LIVE%3APROD&instance=LIVE&service=awsm&marketplace=en_US&client=dsk&host=aws.amazon.com&method=bot&marketplaceId=A12QK8IU0H0XW5&requestId=ABCDEFGHIJKLMNOPQRST&session=123-1234567-1234567:0
[     769ms] Uncaught Error: Module name "@amzn/awsmcc" has not been loaded yet for context: _. Use require([])
http://requirejs.org/docs/errors.html#notloaded
    at B (https://a0.awsstatic.com/libra/1.0.601/libra-head.js:16:251)
    at g (https://a0.awsstatic.com/libra/1.0.601/libra-head.js:34:373)
    at requirejs (https://a0.awsstatic.com/libra/1.0.601/libra-head.js:40:202)
    at <anonymous> (https://a0.awsstatic.com/awsm-core/0.1.8/bundle/head.js:2:23820)
    at <anonymous> (https://a0.awsstatic.com/awsm-core/0.1.8/bundle/head.js:0:459)
    at <anonymous> (https://a0.awsstatic.com/awsm-core/0.1.8/bundle/head.js:2:24317)
    at <anonymous> (https://a0.awsstatic.com/awsm-core/0.1.8/bundle/head.js:0:459)
    at <anonymous> (https://a0.awsstatic.com/awsm-core/0.1.8/bundle/head.js:2:52492)
[     769ms] Uncaught Script error.
    at <anonymous> (https://a0.awsstatic.com/libra/1.0.601/libra-head.js:47:1255)
[     850ms] [ERROR] Failed to load resource: net::ERR_CONNECTION_REFUSED @ https://fls-na.amazon.com/1/action-impressions/1/OE/aws-mktg/action/awsm_v3_:perf_documentReady@v=653:u=ms/awsm_v3_:perf_speedIndex@v=763:u=ms/awsm_v3_:perf_domContentLoadedEventEnd@v=636:u=ms?dataset=LIVE%3APROD&instance=LIVE&service=awsm&marketplace=en_US&client=dsk&host=aws.amazon.com&method=bot&marketplaceId=A12QK8IU0H0XW5&requestId=ABCDEFGHIJKLMNOPQRST&session=123-1234567-1234567:0
[     888ms] [ERROR] Failed to load resource: net::ERR_CONNECTION_REFUSED @ https://dpm.demdex.net/id?d_visid_ver=4.4.0&d_fieldgroup=AAM&d_rtbd=json&d_ver=2&d_orgid=7742037254C95E840A4C98A6%40AdobeOrg&d_nsid=0&d_mid=69652461849483167132899530308369343416&ts=1780094722279:0
[    1089ms] [ERROR] Access to fetch at 'https://chatbot-api.us-east-1.prod.mrc-sunrise.marketing.aws.dev/health-check' from origin 'https://aws.amazon.com' has been blocked by CORS policy: No 'Access-Control-Allow-Origin' header is present on the requested resource. @ https://aws.amazon.com/what-is/retrieval-augmented-generation/:0
[    1090ms] [ERROR] Failed to load resource: net::ERR_FAILED @ https://chatbot-api.us-east-1.prod.mrc-sunrise.marketing.aws.dev/health-check:0
[    1097ms] [ERROR] Failed to load resource: net::ERR_CONNECTION_REFUSED @ https://dpm.demdex.net/id?d_visid_ver=4.4.0&d_fieldgroup=AAM&d_rtbd=json&d_ver=2&d_orgid=7742037254C95E840A4C98A6%40AdobeOrg&d_nsid=0&d_mid=69652461849483167132899530308369343416&ts=1780094722413:0
[    1128ms] [WARNING] 

⚠️ Your `allowedTags` option includes, `script`, which is inherently
vulnerable to XSS attacks. Please remove it from `allowedTags`.
Or, to disable this warning, add the `allowVulnerableTags` option
and ensure you are accounting for this risk.

 @ https://a0.awsstatic.com/eb-csr/2.0.16/sanitize-html/index.js:7
[    1129ms] [WARNING] 

⚠️ Your `allowedTags` option includes, `style`, which is inherently
vulnerable to XSS attacks. Please remove it from `allowedTags`.
Or, to disable this warning, add the `allowVulnerableTags` option
and ensure you are accounting for this risk.

 @ https://a0.awsstatic.com/eb-csr/2.0.16/sanitize-html/index.js:7
[    1356ms] [ERROR] Failed to load resource: net::ERR_CONNECTION_REFUSED @ https://dpm.demdex.net/id?d_visid_ver=4.4.0&d_fieldgroup=AAM&d_rtbd=json&d_ver=2&d_orgid=7742037254C95E840A4C98A6%40AdobeOrg&d_nsid=0&d_mid=69652461849483167132899530308369343416&ts=1780094722661:0
[    1456ms] [ERROR] Failed to load resource: net::ERR_CONNECTION_REFUSED @ https://dpm.demdex.net/id?d_visid_ver=4.4.0&d_fieldgroup=AAM&d_rtbd=json&d_ver=2&d_orgid=7742037254C95E840A4C98A6%40AdobeOrg&d_nsid=0&d_mid=69652461849483167132899530308369343416&ts=1780094722855:0
[    1503ms] [ERROR] [TangerineBox] Telemetry configuration is missing. Error: Error: Session data meta tag not found @ https://a.b.cdn.console.awsstatic.com/a/v1/CEQ753HGI4VIEBGCDVTGJAUVQGBTUEBLQAPUZKXOPUCG73VLELWQ/4f9d21011c2f449797c97ad39e28d981db54e8abc2d447ce9b3129dbc8be99c4.js:1
[    1504ms] [ERROR] [TangerineBox] Telemetry configuration is missing. Error: Error: Session data meta tag not found @ https://a.b.cdn.console.awsstatic.com/a/v1/CEQ753HGI4VIEBGCDVTGJAUVQGBTUEBLQAPUZKXOPUCG73VLELWQ/4f9d21011c2f449797c97ad39e28d981db54e8abc2d447ce9b3129dbc8be99c4.js:1
[    1508ms] [LOG] Error: failed to parse meta tag awsc-session-data
    at x (https://a.b.cdn.console.awsstatic.com/a/v1/CEQ753HGI4VIEBGCDVTGJAUVQGBTUEBLQAPUZKXOPUCG73VLELWQ/4f9d21011c2f449797c97ad39e28d981db54e8abc2d447ce9b3129dbc8be99c4.js:2:20414)
    at F.parseSessionDataMetaTag (https://a.b.cdn.console.awsstatic.com/a/v1/CEQ753HGI4VIEBGCDVTGJAUVQGBTUEBLQAPUZKXOPUCG73VLELWQ/4f9d21011c2f449797c97ad39e28d981db54e8abc2d447ce9b3129dbc8be99c4.js:2:21726)
    at new F (https://a.b.cdn.console.awsstatic.com/a/v1/CEQ753HGI4VIEBGCDVTGJAUVQGBTUEBLQAPUZKXOPUCG73VLELWQ/4f9d21011c2f449797c97ad39e28d981db54e8abc2d447ce9b3129dbc8be99c4.js:2:21189)
    at F.getInstance (https://a.b.cdn.console.awsstatic.com/a/v1/CEQ753HGI4VIEBGCDVTGJAUVQGBTUEBLQAPUZKXOPUCG73VLELWQ/4f9d21011c2f449797c97ad39e28d981db54e8abc2d447ce9b3129dbc8be99c4.js:2:21307)
    at j.getInstance (https://a.b.cdn.console.awsstatic.com/a/v1/CEQ753HGI4VIEBGCDVTGJAUVQGBTUEBLQAPUZKXOPUCG73VLELWQ/4f9d21011c2f449797c97ad39e28d981db54e8abc2d447ce9b3129dbc8be99c4.js:2:23908)
    at Ce (https://a.b.cdn.console.awsstatic.com/a/v1/CEQ753HGI4VIEBGCDVTGJAUVQGBTUEBLQAPUZKXOPUCG73VLELWQ/4f9d21011c2f449797c97ad39e28d981db54e8abc2d447ce9b3129dbc8be99c4.js:2:28828)
    at Hs.setupLocals (https://a.b.cdn.console.awsstatic.com/a/v1/CEQ753HGI4VIEBGCDVTGJAUVQGBTUEBLQAPUZKXOPUCG73VLELWQ/4f9d21011c2f449797c97ad39e28d981db54e8abc2d447ce9b3129dbc8be99c4.js:4:84470)
    at new Hs (https://a.b.cdn.console.awsstatic.com/a/v1/CEQ753HGI4VIEBGCDVTGJAUVQGBTUEBLQAPUZKXOPUCG73VLELWQ/4f9d21011c2f449797c97ad39e28d981db54e8abc2d447ce9b3129dbc8be99c4.js:4:78460)
    at qs.createNewNamespace (https://a.b.cdn.console.awsstatic.com/a/v1/CEQ753HGI4VIEBGCDVTGJAUVQGBTUEBLQAPUZKXOPUCG73VLELWQ/4f9d21011c2f449797c97ad39e28d981db54e8abc2d447ce9b3129dbc8be99c4.js:4:103269)
    at qs.applyAsyncFunction (https://a.b.cdn.console.awsstatic.com/a/v1/CEQ753HGI4VIEBGCDVTGJAUVQGBTUEBLQAPUZKXOPUCG73VLELWQ/4f9d21011c2f449797c97ad39e28d981db54e8abc2d447ce9b3129dbc8be99c4.js:4:104353)
    at new qs (https://a.b.cdn.console.awsstatic.com/a/v1/CEQ753HGI4VIEBGCDVTGJAUVQGBTUEBLQAPUZKXOPUCG73VLELWQ/4f9d21011c2f449797c97ad39e28d981db54e8abc2d447ce9b3129dbc8be99c4.js:4:103697)
    at new Ws (https://a.b.cdn.console.awsstatic.com/a/v1/CEQ753HGI4VIEBGCDVTGJAUVQGBTUEBLQAPUZKXOPUCG73VLELWQ/4f9d21011c2f449797c97ad39e28d981db54e8abc2d447ce9b3129dbc8be99c4.js:4:108566)
    at https://a.b.cdn.console.awsstatic.com/a/v1/CEQ753HGI4VIEBGCDVTGJAUVQGBTUEBLQAPUZKXOPUCG73VLELWQ/4f9d21011c2f449797c97ad39e28d981db54e8abc2d447ce9b3129dbc8be99c4.js:4:112845
    at https://a.b.cdn.console.awsstatic.com/a/v1/CEQ753HGI4VIEBGCDVTGJAUVQGBTUEBLQAPUZKXOPUCG73VLELWQ/4f9d21011c2f449797c97ad39e28d981db54e8abc2d447ce9b3129dbc8be99c4.js:4:113800 @ https://a.b.cdn.console.awsstatic.com/a/v1/CEQ753HGI4VIEBGCDVTGJAUVQGBTUEBLQAPUZKXOPUCG73VLELWQ/4f9d21011c2f449797c97ad39e28d981db54e8abc2d447ce9b3129dbc8be99c4.js:1
[    1508ms] [WARNING] Unable to parse the data using legacy methods @ https://a.b.cdn.console.awsstatic.com/a/v1/CEQ753HGI4VIEBGCDVTGJAUVQGBTUEBLQAPUZKXOPUCG73VLELWQ/4f9d21011c2f449797c97ad39e28d981db54e8abc2d447ce9b3129dbc8be99c4.js:1
[    1508ms] [ERROR] Couldn't determine console domain and dual-stack values. @ https://a.b.cdn.console.awsstatic.com/a/v1/CEQ753HGI4VIEBGCDVTGJAUVQGBTUEBLQAPUZKXOPUCG73VLELWQ/4f9d21011c2f449797c97ad39e28d981db54e8abc2d447ce9b3129dbc8be99c4.js:1
[    1525ms] [ERROR] Failed to load resource: net::ERR_CONNECTION_REFUSED @ https://fls-na.amazon.com/1/action-impressions/1/OE/aws-mktg/action/awsm_v3_:perf_windowLoad@v=1330:u=ms/awsm_v3_:perf_loadEventEnd@v=1329:u=ms/awsm_v3_:perf_domComplete@v=1328:u=ms?dataset=LIVE%3APROD&instance=LIVE&service=awsm&marketplace=en_US&client=dsk&host=aws.amazon.com&method=bot&marketplaceId=A12QK8IU0H0XW5&requestId=ABCDEFGHIJKLMNOPQRST&session=123-1234567-1234567:0
