[     619ms] [ERROR] Failed to load resource: net::ERR_CONNECTION_REFUSED @ https://www.googletagmanager.com/gtag/js?id=G-NF06RZ7925:0
[    1035ms] Error: Minified React error #418; visit https://react.dev/errors/418 for the full message or use the non-minified dev environment for full errors and additional helpful warnings.
    at t5 (https://neosophie.com/_next/static/chunks/7ced350f-fac37cb067e94553.js:1:24674)
    at iZ (https://neosophie.com/_next/static/chunks/7ced350f-fac37cb067e94553.js:1:120615)
    at ia (https://neosophie.com/_next/static/chunks/7ced350f-fac37cb067e94553.js:1:95166)
    at https://neosophie.com/_next/static/chunks/7ced350f-fac37cb067e94553.js:1:91092
    at https://neosophie.com/_next/static/chunks/7ced350f-fac37cb067e94553.js:1:91099
    at oZ (https://neosophie.com/_next/static/chunks/7ced350f-fac37cb067e94553.js:1:91204)
    at MessagePort.T (https://neosophie.com/_next/static/chunks/1122-b401296c1784378b.js:1:84283)
[    1035ms] Error: Minified React error #418; visit https://react.dev/errors/418 for the full message or use the non-minified dev environment for full errors and additional helpful warnings.
    at t5 (https://neosophie.com/_next/static/chunks/7ced350f-fac37cb067e94553.js:1:24674)
    at iZ (https://neosophie.com/_next/static/chunks/7ced350f-fac37cb067e94553.js:1:120615)
    at ia (https://neosophie.com/_next/static/chunks/7ced350f-fac37cb067e94553.js:1:95166)
    at https://neosophie.com/_next/static/chunks/7ced350f-fac37cb067e94553.js:1:91092
    at https://neosophie.com/_next/static/chunks/7ced350f-fac37cb067e94553.js:1:91099
    at oZ (https://neosophie.com/_next/static/chunks/7ced350f-fac37cb067e94553.js:1:91204)
    at MessagePort.T (https://neosophie.com/_next/static/chunks/1122-b401296c1784378b.js:1:84283)
[    1035ms] Error: Minified React error #418; visit https://react.dev/errors/418 for the full message or use the non-minified dev environment for full errors and additional helpful warnings.
    at t5 (https://neosophie.com/_next/static/chunks/7ced350f-fac37cb067e94553.js:1:24674)
    at iZ (https://neosophie.com/_next/static/chunks/7ced350f-fac37cb067e94553.js:1:120615)
    at ia (https://neosophie.com/_next/static/chunks/7ced350f-fac37cb067e94553.js:1:95166)
    at https://neosophie.com/_next/static/chunks/7ced350f-fac37cb067e94553.js:1:91092
    at https://neosophie.com/_next/static/chunks/7ced350f-fac37cb067e94553.js:1:91099
    at oZ (https://neosophie.com/_next/static/chunks/7ced350f-fac37cb067e94553.js:1:91204)
    at MessagePort.T (https://neosophie.com/_next/static/chunks/1122-b401296c1784378b.js:1:84283)
[    1036ms] Error: Minified React error #418; visit https://react.dev/errors/418 for the full message or use the non-minified dev environment for full errors and additional helpful warnings.
    at t5 (https://neosophie.com/_next/static/chunks/7ced350f-fac37cb067e94553.js:1:24674)
    at iZ (https://neosophie.com/_next/static/chunks/7ced350f-fac37cb067e94553.js:1:120615)
    at ia (https://neosophie.com/_next/static/chunks/7ced350f-fac37cb067e94553.js:1:95166)
    at https://neosophie.com/_next/static/chunks/7ced350f-fac37cb067e94553.js:1:91092
    at https://neosophie.com/_next/static/chunks/7ced350f-fac37cb067e94553.js:1:91099
    at oZ (https://neosophie.com/_next/static/chunks/7ced350f-fac37cb067e94553.js:1:91204)
    at MessagePort.T (https://neosophie.com/_next/static/chunks/1122-b401296c1784378b.js:1:84283)
[    1036ms] Error: Minified React error #418; visit https://react.dev/errors/418 for the full message or use the non-minified dev environment for full errors and additional helpful warnings.
    at t5 (https://neosophie.com/_next/static/chunks/7ced350f-fac37cb067e94553.js:1:24674)
    at iZ (https://neosophie.com/_next/static/chunks/7ced350f-fac37cb067e94553.js:1:120615)
    at ia (https://neosophie.com/_next/static/chunks/7ced350f-fac37cb067e94553.js:1:95166)
    at https://neosophie.com/_next/static/chunks/7ced350f-fac37cb067e94553.js:1:91092
    at https://neosophie.com/_next/static/chunks/7ced350f-fac37cb067e94553.js:1:91099
    at oZ (https://neosophie.com/_next/static/chunks/7ced350f-fac37cb067e94553.js:1:91204)
    at MessagePort.T (https://neosophie.com/_next/static/chunks/1122-b401296c1784378b.js:1:84283)
[    1036ms] Error: Minified React error #418; visit https://react.dev/errors/418 for the full message or use the non-minified dev environment for full errors and additional helpful warnings.
    at t5 (https://neosophie.com/_next/static/chunks/7ced350f-fac37cb067e94553.js:1:24674)
    at iZ (https://neosophie.com/_next/static/chunks/7ced350f-fac37cb067e94553.js:1:120615)
    at ia (https://neosophie.com/_next/static/chunks/7ced350f-fac37cb067e94553.js:1:95166)
    at https://neosophie.com/_next/static/chunks/7ced350f-fac37cb067e94553.js:1:91092
    at https://neosophie.com/_next/static/chunks/7ced350f-fac37cb067e94553.js:1:91099
    at oZ (https://neosophie.com/_next/static/chunks/7ced350f-fac37cb067e94553.js:1:91204)
    at MessagePort.T (https://neosophie.com/_next/static/chunks/1122-b401296c1784378b.js:1:84283)
[    1036ms] Error: Minified React error #418; visit https://react.dev/errors/418 for the full message or use the non-minified dev environment for full errors and additional helpful warnings.
    at t5 (https://neosophie.com/_next/static/chunks/7ced350f-fac37cb067e94553.js:1:24674)
    at iZ (https://neosophie.com/_next/static/chunks/7ced350f-fac37cb067e94553.js:1:120615)
    at ia (https://neosophie.com/_next/static/chunks/7ced350f-fac37cb067e94553.js:1:95166)
    at https://neosophie.com/_next/static/chunks/7ced350f-fac37cb067e94553.js:1:91092
    at https://neosophie.com/_next/static/chunks/7ced350f-fac37cb067e94553.js:1:91099
    at oZ (https://neosophie.com/_next/static/chunks/7ced350f-fac37cb067e94553.js:1:91204)
    at MessagePort.T (https://neosophie.com/_next/static/chunks/1122-b401296c1784378b.js:1:84283)
[    1036ms] Error: Minified React error #418; visit https://react.dev/errors/418 for the full message or use the non-minified dev environment for full errors and additional helpful warnings.
    at t5 (https://neosophie.com/_next/static/chunks/7ced350f-fac37cb067e94553.js:1:24674)
    at iZ (https://neosophie.com/_next/static/chunks/7ced350f-fac37cb067e94553.js:1:120539)
    at ia (https://neosophie.com/_next/static/chunks/7ced350f-fac37cb067e94553.js:1:95166)
    at https://neosophie.com/_next/static/chunks/7ced350f-fac37cb067e94553.js:1:91092
    at https://neosophie.com/_next/static/chunks/7ced350f-fac37cb067e94553.js:1:91099
    at oZ (https://neosophie.com/_next/static/chunks/7ced350f-fac37cb067e94553.js:1:91204)
    at MessagePort.T (https://neosophie.com/_next/static/chunks/1122-b401296c1784378b.js:1:84283)
[    1036ms] Error: Minified React error #423; visit https://react.dev/errors/423 for the full message or use the non-minified dev environment for full errors and additional helpful warnings.
    at iZ (https://neosophie.com/_next/static/chunks/7ced350f-fac37cb067e94553.js:1:118353)
    at ia (https://neosophie.com/_next/static/chunks/7ced350f-fac37cb067e94553.js:1:95166)
    at https://neosophie.com/_next/static/chunks/7ced350f-fac37cb067e94553.js:1:94988
    at il (https://neosophie.com/_next/static/chunks/7ced350f-fac37cb067e94553.js:1:94995)
    at oJ (https://neosophie.com/_next/static/chunks/7ced350f-fac37cb067e94553.js:1:92351)
    at oZ (https://neosophie.com/_next/static/chunks/7ced350f-fac37cb067e94553.js:1:91770)
    at MessagePort.T (https://neosophie.com/_next/static/chunks/1122-b401296c1784378b.js:1:84283)
