[     271ms] [ERROR] Failed to load resource: net::ERR_CONNECTION_REFUSED @ https://js.hs-scripts.com/8231564.js:0
[     508ms] [ERROR] Failed to load resource: net::ERR_CONNECTION_REFUSED @ https://dev.visualwebsiteoptimizer.com/j.php?a=758750&u=https%3A%2F%2Fwww.pinecone.io%2Flearn%2Fretrieval-augmented-generation%2F&vn=2.1&x=true:0
[     508ms] [ERROR] Failed to load resource: net::ERR_CONNECTION_REFUSED @ https://dev.visualwebsiteoptimizer.com/ee.gif?a=758750&e=loading_failure:https://dev.visualwebsiteoptimizer.com/j.php?a=758750&u=https%3A%2F%2Fwww.pinecone.io%2Flearn%2Fretrieval-augmented-generation%2F&vn=2.1&x=true:0
[     513ms] [ERROR] Failed to load resource: the server responded with a status of 403 () @ https://tag.clearbitscripts.com/v1/pk_5add668ab6de5cdc81322cba801cf429/tags.js:0
[    1063ms] TypeError: Cannot read properties of undefined (reading 'clearEventProperties')
    at <anonymous>:1:13
    at HTMLBodyElement.value [as appendChild] (https://cmp.osano.com/AzZbUITh61cXz4HqL/fee5a4ca-0585-49b2-b317-c6a8cf7b66fa/osano.js:2:179510)
    at p (https://www.pinecone.io/_next/static/chunks/app/(frontend)/(shared-layout)/learn/%5Bslug%5D/page-469f942b4ee58d4c.js:1:5168)
    at https://www.pinecone.io/_next/static/chunks/app/(frontend)/(shared-layout)/learn/%5Bslug%5D/page-469f942b4ee58d4c.js:1:5960
    at aW (https://www.pinecone.io/_next/static/chunks/fd9d1056-6b088c1cab5fa890.js:1:73244)
    at oe (https://www.pinecone.io/_next/static/chunks/fd9d1056-6b088c1cab5fa890.js:1:84685)
    at e (https://www.pinecone.io/_next/static/chunks/fd9d1056-6b088c1cab5fa890.js:1:85827)
    at e (https://www.pinecone.io/_next/static/chunks/fd9d1056-6b088c1cab5fa890.js:1:85814)
    at ol (https://www.pinecone.io/_next/static/chunks/fd9d1056-6b088c1cab5fa890.js:1:86139)
    at or (https://www.pinecone.io/_next/static/chunks/fd9d1056-6b088c1cab5fa890.js:1:85207)
    at ol (https://www.pinecone.io/_next/static/chunks/fd9d1056-6b088c1cab5fa890.js:1:86268)
    at or (https://www.pinecone.io/_next/static/chunks/fd9d1056-6b088c1cab5fa890.js:1:85207)
    at ol (https://www.pinecone.io/_next/static/chunks/fd9d1056-6b088c1cab5fa890.js:1:86268)
    at or (https://www.pinecone.io/_next/static/chunks/fd9d1056-6b088c1cab5fa890.js:1:85207)
    at ol (https://www.pinecone.io/_next/static/chunks/fd9d1056-6b088c1cab5fa890.js:1:86268)
    at or (https://www.pinecone.io/_next/static/chunks/fd9d1056-6b088c1cab5fa890.js:1:85207)
    at ol (https://www.pinecone.io/_next/static/chunks/fd9d1056-6b088c1cab5fa890.js:1:86268)
    at or (https://www.pinecone.io/_next/static/chunks/fd9d1056-6b088c1cab5fa890.js:1:85207)
    at ol (https://www.pinecone.io/_next/static/chunks/fd9d1056-6b088c1cab5fa890.js:1:85303)
    at or (https://www.pinecone.io/_next/static/chunks/fd9d1056-6b088c1cab5fa890.js:1:85207)
    at ol (https://www.pinecone.io/_next/static/chunks/fd9d1056-6b088c1cab5fa890.js:1:86268)
    at or (https://www.pinecone.io/_next/static/chunks/fd9d1056-6b088c1cab5fa890.js:1:85207)
    at ol (https://www.pinecone.io/_next/static/chunks/fd9d1056-6b088c1cab5fa890.js:1:85303)
    at or (https://www.pinecone.io/_next/static/chunks/fd9d1056-6b088c1cab5fa890.js:1:85207)
    at ol (https://www.pinecone.io/_next/static/chunks/fd9d1056-6b088c1cab5fa890.js:1:85303)
    at or (https://www.pinecone.io/_next/static/chunks/fd9d1056-6b088c1cab5fa890.js:1:85207)
    at ol (https://www.pinecone.io/_next/static/chunks/fd9d1056-6b088c1cab5fa890.js:1:85303)
    at or (https://www.pinecone.io/_next/static/chunks/fd9d1056-6b088c1cab5fa890.js:1:85207)
    at ol (https://www.pinecone.io/_next/static/chunks/fd9d1056-6b088c1cab5fa890.js:1:85303)
    at or (https://www.pinecone.io/_next/static/chunks/fd9d1056-6b088c1cab5fa890.js:1:85207)
    at ol (https://www.pinecone.io/_next/static/chunks/fd9d1056-6b088c1cab5fa890.js:1:86268)
    at or (https://www.pinecone.io/_next/static/chunks/fd9d1056-6b088c1cab5fa890.js:1:85207)
    at ol (https://www.pinecone.io/_next/static/chunks/fd9d1056-6b088c1cab5fa890.js:1:85303)
    at or (https://www.pinecone.io/_next/static/chunks/fd9d1056-6b088c1cab5fa890.js:1:85207)
    at ol (https://www.pinecone.io/_next/static/chunks/fd9d1056-6b088c1cab5fa890.js:1:85303)
    at or (https://www.pinecone.io/_next/static/chunks/fd9d1056-6b088c1cab5fa890.js:1:85207)
    at ol (https://www.pinecone.io/_next/static/chunks/fd9d1056-6b088c1cab5fa890.js:1:86268)
    at or (https://www.pinecone.io/_next/static/chunks/fd9d1056-6b088c1cab5fa890.js:1:85207)
    at ol (https://www.pinecone.io/_next/static/chunks/fd9d1056-6b088c1cab5fa890.js:1:85303)
    at or (https://www.pinecone.io/_next/static/chunks/fd9d1056-6b088c1cab5fa890.js:1:85207)
    at ol (https://www.pinecone.io/_next/static/chunks/fd9d1056-6b088c1cab5fa890.js:1:86268)
    at or (https://www.pinecone.io/_next/static/chunks/fd9d1056-6b088c1cab5fa890.js:1:85207)
    at ol (https://www.pinecone.io/_next/static/chunks/fd9d1056-6b088c1cab5fa890.js:1:85303)
    at or (https://www.pinecone.io/_next/static/chunks/fd9d1056-6b088c1cab5fa890.js:1:85207)
    at ol (https://www.pinecone.io/_next/static/chunks/fd9d1056-6b088c1cab5fa890.js:1:86268)
    at or (https://www.pinecone.io/_next/static/chunks/fd9d1056-6b088c1cab5fa890.js:1:85207)
    at ol (https://www.pinecone.io/_next/static/chunks/fd9d1056-6b088c1cab5fa890.js:1:85303)
    at or (https://www.pinecone.io/_next/static/chunks/fd9d1056-6b088c1cab5fa890.js:1:85207)
    at ol (https://www.pinecone.io/_next/static/chunks/fd9d1056-6b088c1cab5fa890.js:1:85303)
    at or (https://www.pinecone.io/_next/static/chunks/fd9d1056-6b088c1cab5fa890.js:1:85207)
[    1102ms] [ERROR] Failed to load resource: net::ERR_CONNECTION_REFUSED @ https://www.googletagmanager.com/gtag/js?id=UA-155294302-1:0
[    1103ms] [ERROR] Failed to load resource: net::ERR_CONNECTION_REFUSED @ https://www.googletagmanager.com/gtm.js?id=GTM-5RCSPVG:0
[    1106ms] [LOG] Intersection Observer Entry: IntersectionObserverEntry @ https://www.pinecone.io/_next/static/chunks/5462-589dcae7bbd3361a.js:14
[    1479ms] [ERROR] Failed to load resource: net::ERR_CONNECTION_REFUSED @ https://partnerlinks.io/pr/grc/pk_jvoXqtGYtmYGQJlSZmilQ0OR1zIkTziF:0
[    1485ms] [ERROR] Error executing script: TypeError: Cannot read properties of undefined (reading 'clearEventProperties')
    at eval (eval at u (https://www.pinecone.io/_next/static/chunks/app/(frontend)/(shared-layout)/learn/%5Bslug%5D/page-469f942b4ee58d4c.js:1:7945), <anonymous>:3:13)
    at u (https://www.pinecone.io/_next/static/chunks/app/(frontend)/(shared-layout)/learn/%5Bslug%5D/page-469f942b4ee58d4c.js:1:7956) @ https://www.pinecone.io/_next/static/chunks/2117-6091bcc7e79cf717.js:0
[    1548ms] [ERROR] Access to fetch at 'https://o1295043345384858.ingest.us.getdecipher.com/api/5382981034007361/envelope/?sentry_version=7&sentry_key=4b43e58230d846c09f1b9d843a8a2562&sentry_client=sentry.javascript.browser%2F9.12.0' from origin 'https://www.pinecone.io' has been blocked by CORS policy: No 'Access-Control-Allow-Origin' header is present on the requested resource. @ https://www.pinecone.io/learn/retrieval-augmented-generation/:0
[    1548ms] [ERROR] Failed to load resource: net::ERR_FAILED @ https://o1295043345384858.ingest.us.getdecipher.com/api/5382981034007361/envelope/?sentry_version=7&sentry_key=4b43e58230d846c09f1b9d843a8a2562&sentry_client=sentry.javascript.browser%2F9.12.0:0
[    3128ms] [ERROR] Access to fetch at 'https://o1295043345384858.ingest.us.getdecipher.com/api/5382981034007361/envelope/?sentry_version=7&sentry_key=4b43e58230d846c09f1b9d843a8a2562&sentry_client=sentry.javascript.browser%2F9.12.0' from origin 'https://www.pinecone.io' has been blocked by CORS policy: No 'Access-Control-Allow-Origin' header is present on the requested resource. @ https://www.pinecone.io/learn/retrieval-augmented-generation/:0
[    3129ms] [ERROR] Failed to load resource: net::ERR_FAILED @ https://o1295043345384858.ingest.us.getdecipher.com/api/5382981034007361/envelope/?sentry_version=7&sentry_key=4b43e58230d846c09f1b9d843a8a2562&sentry_client=sentry.javascript.browser%2F9.12.0:0
