[    1614ms] [ERROR] Failed to load resource: net::ERR_CONNECTION_REFUSED @ https://static.hotjar.com/c/hotjar-6382967.js?sv=6:0
[    2136ms] [LOG] readme {name: README.md, path: README.md, sha: f0a40f49d03883d5724e3b7982129793d893bc0d, size: 11505, url: https://api.github.com/repos/qdrant/qdrant/contents/README.md?ref=master} @ https://deepwiki.com/_next/static/chunks/6450-5fcd242c5d19c52c.js?dpl=dpl_8ToKKCUmAcd5v6bzkY2d8GP64sAJ:0
[    3008ms] [ERROR] Failed to load resource: net::ERR_CONNECTION_REFUSED @ https://api2.amplitude.com/2/httpapi:0
[    3008ms] [ERROR] Amplitude Logger [Error]: Failed to fetch @ https://deepwiki.com/_next/static/chunks/7963-2c20578d72f6c7cc.js?dpl=dpl_8ToKKCUmAcd5v6bzkY2d8GP64sAJ:0
[    3008ms] [WARNING] Amplitude Logger [Warn]: {code: 0, error: "Status 'failed' provided for 3 events"} @ https://deepwiki.com/_next/static/chunks/7963-2c20578d72f6c7cc.js?dpl=dpl_8ToKKCUmAcd5v6bzkY2d8GP64sAJ:0
[    4011ms] [ERROR] Failed to load resource: net::ERR_CONNECTION_REFUSED @ https://api2.amplitude.com/2/httpapi:0
[    4011ms] [ERROR] Amplitude Logger [Error]: Failed to fetch @ https://deepwiki.com/_next/static/chunks/7963-2c20578d72f6c7cc.js?dpl=dpl_8ToKKCUmAcd5v6bzkY2d8GP64sAJ:0
[    4012ms] [WARNING] Amplitude Logger [Warn]: {code: 0, error: "Status 'failed' provided for 3 events"} @ https://deepwiki.com/_next/static/chunks/7963-2c20578d72f6c7cc.js?dpl=dpl_8ToKKCUmAcd5v6bzkY2d8GP64sAJ:0
[    5015ms] [ERROR] Failed to load resource: net::ERR_CONNECTION_REFUSED @ https://api2.amplitude.com/2/httpapi:0
[    5015ms] [ERROR] Amplitude Logger [Error]: Failed to fetch @ https://deepwiki.com/_next/static/chunks/7963-2c20578d72f6c7cc.js?dpl=dpl_8ToKKCUmAcd5v6bzkY2d8GP64sAJ:0
[    5015ms] [WARNING] Amplitude Logger [Warn]: {code: 0, error: "Status 'failed' provided for 3 events"} @ https://deepwiki.com/_next/static/chunks/7963-2c20578d72f6c7cc.js?dpl=dpl_8ToKKCUmAcd5v6bzkY2d8GP64sAJ:0
[    7017ms] [ERROR] Failed to load resource: net::ERR_CONNECTION_REFUSED @ https://api2.amplitude.com/2/httpapi:0
[    7017ms] [ERROR] Amplitude Logger [Error]: Failed to fetch @ https://deepwiki.com/_next/static/chunks/7963-2c20578d72f6c7cc.js?dpl=dpl_8ToKKCUmAcd5v6bzkY2d8GP64sAJ:0
[    7017ms] [WARNING] Amplitude Logger [Warn]: {code: 0, error: "Status 'failed' provided for 3 events"} @ https://deepwiki.com/_next/static/chunks/7963-2c20578d72f6c7cc.js?dpl=dpl_8ToKKCUmAcd5v6bzkY2d8GP64sAJ:0
[   10020ms] [ERROR] Failed to load resource: net::ERR_CONNECTION_REFUSED @ https://api2.amplitude.com/2/httpapi:0
[   10020ms] [ERROR] Amplitude Logger [Error]: Failed to fetch @ https://deepwiki.com/_next/static/chunks/7963-2c20578d72f6c7cc.js?dpl=dpl_8ToKKCUmAcd5v6bzkY2d8GP64sAJ:0
[   10020ms] [WARNING] Amplitude Logger [Warn]: {code: 0, error: "Status 'failed' provided for 3 events"} @ https://deepwiki.com/_next/static/chunks/7963-2c20578d72f6c7cc.js?dpl=dpl_8ToKKCUmAcd5v6bzkY2d8GP64sAJ:0
[   10021ms] [ERROR] Amplitude Logger [Error]: Event rejected due to exceeded retry count @ https://deepwiki.com/_next/static/chunks/7963-2c20578d72f6c7cc.js?dpl=dpl_8ToKKCUmAcd5v6bzkY2d8GP64sAJ:0
[   10021ms] [ERROR] Amplitude Logger [Error]: Event rejected due to exceeded retry count @ https://deepwiki.com/_next/static/chunks/7963-2c20578d72f6c7cc.js?dpl=dpl_8ToKKCUmAcd5v6bzkY2d8GP64sAJ:0
[   10021ms] [ERROR] Amplitude Logger [Error]: Event rejected due to exceeded retry count @ https://deepwiki.com/_next/static/chunks/7963-2c20578d72f6c7cc.js?dpl=dpl_8ToKKCUmAcd5v6bzkY2d8GP64sAJ:0
